logical-address=1077047057,page-number=806,offset=3857
tlb-hit=0,page-number=806,frame=none,physical-address=none
tlb-remove=none,tlb-add=806
page-number=806,page-fault=1,frame-number=0,physical-address=3857
logical-address=1077046203,page-number=806,offset=3003
tlb-hit=1,page-number=806,frame=0,physical-address=3003
logical-address=1077045712,page-number=806,offset=2512
tlb-hit=1,page-number=806,frame=0,physical-address=2512
logical-address=1077046101,page-number=806,offset=2901
tlb-hit=1,page-number=806,frame=0,physical-address=2901
logical-address=1077045747,page-number=806,offset=2547
tlb-hit=1,page-number=806,frame=0,physical-address=2547
logical-address=1077044955,page-number=806,offset=1755
tlb-hit=1,page-number=806,frame=0,physical-address=1755
logical-address=1077043497,page-number=806,offset=297
tlb-hit=1,page-number=806,frame=0,physical-address=297
logical-address=1077044073,page-number=806,offset=873
tlb-hit=1,page-number=806,frame=0,physical-address=873
logical-address=1077046478,page-number=806,offset=3278
tlb-hit=1,page-number=806,frame=0,physical-address=3278
logical-address=1077046953,page-number=806,offset=3753
tlb-hit=1,page-number=806,frame=0,physical-address=3753
logical-address=1077046330,page-number=806,offset=3130
tlb-hit=1,page-number=806,frame=0,physical-address=3130
logical-address=1077044457,page-number=806,offset=1257
tlb-hit=1,page-number=806,frame=0,physical-address=1257
logical-address=1077044364,page-number=806,offset=1164
tlb-hit=1,page-number=806,frame=0,physical-address=1164
logical-address=1077045901,page-number=806,offset=2701
tlb-hit=1,page-number=806,frame=0,physical-address=2701
logical-address=1077044016,page-number=806,offset=816
tlb-hit=1,page-number=806,frame=0,physical-address=816
logical-address=1077047157,page-number=806,offset=3957
tlb-hit=1,page-number=806,frame=0,physical-address=3957
logical-address=1077046776,page-number=806,offset=3576
tlb-hit=1,page-number=806,frame=0,physical-address=3576
logical-address=1077044596,page-number=806,offset=1396
tlb-hit=1,page-number=806,frame=0,physical-address=1396
logical-address=1077044801,page-number=806,offset=1601
tlb-hit=1,page-number=806,frame=0,physical-address=1601
logical-address=1077046783,page-number=806,offset=3583
tlb-hit=1,page-number=806,frame=0,physical-address=3583
logical-address=1077045392,page-number=806,offset=2192
tlb-hit=1,page-number=806,frame=0,physical-address=2192
logical-address=1077044672,page-number=806,offset=1472
tlb-hit=1,page-number=806,frame=0,physical-address=1472
logical-address=1077046226,page-number=806,offset=3026
tlb-hit=1,page-number=806,frame=0,physical-address=3026
logical-address=1077045920,page-number=806,offset=2720
tlb-hit=1,page-number=806,frame=0,physical-address=2720
logical-address=1077045210,page-number=806,offset=2010
tlb-hit=1,page-number=806,frame=0,physical-address=2010
logical-address=1077043228,page-number=806,offset=28
tlb-hit=1,page-number=806,frame=0,physical-address=28
logical-address=1077046608,page-number=806,offset=3408
tlb-hit=1,page-number=806,frame=0,physical-address=3408
logical-address=1077047115,page-number=806,offset=3915
tlb-hit=1,page-number=806,frame=0,physical-address=3915
logical-address=1077044460,page-number=806,offset=1260
tlb-hit=1,page-number=806,frame=0,physical-address=1260
logical-address=1077045771,page-number=806,offset=2571
tlb-hit=1,page-number=806,frame=0,physical-address=2571
logical-address=1077045463,page-number=806,offset=2263
tlb-hit=1,page-number=806,frame=0,physical-address=2263
logical-address=1077047207,page-number=806,offset=4007
tlb-hit=1,page-number=806,frame=0,physical-address=4007
logical-address=1077046369,page-number=806,offset=3169
tlb-hit=1,page-number=806,frame=0,physical-address=3169
logical-address=1077046295,page-number=806,offset=3095
tlb-hit=1,page-number=806,frame=0,physical-address=3095
logical-address=1077045788,page-number=806,offset=2588
tlb-hit=1,page-number=806,frame=0,physical-address=2588
logical-address=1077044664,page-number=806,offset=1464
tlb-hit=1,page-number=806,frame=0,physical-address=1464
logical-address=1077043901,page-number=806,offset=701
tlb-hit=1,page-number=806,frame=0,physical-address=701
logical-address=1077045498,page-number=806,offset=2298
tlb-hit=1,page-number=806,frame=0,physical-address=2298
logical-address=1077047196,page-number=806,offset=3996
tlb-hit=1,page-number=806,frame=0,physical-address=3996
logical-address=1077044161,page-number=806,offset=961
tlb-hit=1,page-number=806,frame=0,physical-address=961
logical-address=1077046659,page-number=806,offset=3459
tlb-hit=1,page-number=806,frame=0,physical-address=3459
logical-address=1077045152,page-number=806,offset=1952
tlb-hit=1,page-number=806,frame=0,physical-address=1952
logical-address=1077044656,page-number=806,offset=1456
tlb-hit=1,page-number=806,frame=0,physical-address=1456
logical-address=1077043934,page-number=806,offset=734
tlb-hit=1,page-number=806,frame=0,physical-address=734
logical-address=1077046900,page-number=806,offset=3700
tlb-hit=1,page-number=806,frame=0,physical-address=3700
logical-address=1077043947,page-number=806,offset=747
tlb-hit=1,page-number=806,frame=0,physical-address=747
logical-address=1077045790,page-number=806,offset=2590
tlb-hit=1,page-number=806,frame=0,physical-address=2590
logical-address=1077045159,page-number=806,offset=1959
tlb-hit=1,page-number=806,frame=0,physical-address=1959
logical-address=1077047127,page-number=806,offset=3927
tlb-hit=1,page-number=806,frame=0,physical-address=3927
logical-address=1077044740,page-number=806,offset=1540
tlb-hit=1,page-number=806,frame=0,physical-address=1540
logical-address=1077043808,page-number=806,offset=608
tlb-hit=1,page-number=806,frame=0,physical-address=608
logical-address=1077045954,page-number=806,offset=2754
tlb-hit=1,page-number=806,frame=0,physical-address=2754
logical-address=1077044434,page-number=806,offset=1234
tlb-hit=1,page-number=806,frame=0,physical-address=1234
logical-address=1077046530,page-number=806,offset=3330
tlb-hit=1,page-number=806,frame=0,physical-address=3330
logical-address=1077046104,page-number=806,offset=2904
tlb-hit=1,page-number=806,frame=0,physical-address=2904
logical-address=1077046652,page-number=806,offset=3452
tlb-hit=1,page-number=806,frame=0,physical-address=3452
logical-address=1077044911,page-number=806,offset=1711
tlb-hit=1,page-number=806,frame=0,physical-address=1711
logical-address=1077043749,page-number=806,offset=549
tlb-hit=1,page-number=806,frame=0,physical-address=549
logical-address=1077043991,page-number=806,offset=791
tlb-hit=1,page-number=806,frame=0,physical-address=791
logical-address=1077044152,page-number=806,offset=952
tlb-hit=1,page-number=806,frame=0,physical-address=952
logical-address=1077047030,page-number=806,offset=3830
tlb-hit=1,page-number=806,frame=0,physical-address=3830
logical-address=1077045344,page-number=806,offset=2144
tlb-hit=1,page-number=806,frame=0,physical-address=2144
logical-address=1077043475,page-number=806,offset=275
tlb-hit=1,page-number=806,frame=0,physical-address=275
logical-address=1077046556,page-number=806,offset=3356
tlb-hit=1,page-number=806,frame=0,physical-address=3356
logical-address=1077044955,page-number=806,offset=1755
tlb-hit=1,page-number=806,frame=0,physical-address=1755
logical-address=1077045181,page-number=806,offset=1981
tlb-hit=1,page-number=806,frame=0,physical-address=1981
logical-address=1077045564,page-number=806,offset=2364
tlb-hit=1,page-number=806,frame=0,physical-address=2364
logical-address=1077045438,page-number=806,offset=2238
tlb-hit=1,page-number=806,frame=0,physical-address=2238
logical-address=1077045194,page-number=806,offset=1994
tlb-hit=1,page-number=806,frame=0,physical-address=1994
logical-address=1077046099,page-number=806,offset=2899
tlb-hit=1,page-number=806,frame=0,physical-address=2899
logical-address=1077046168,page-number=806,offset=2968
tlb-hit=1,page-number=806,frame=0,physical-address=2968
logical-address=1077045585,page-number=806,offset=2385
tlb-hit=1,page-number=806,frame=0,physical-address=2385
logical-address=1077046548,page-number=806,offset=3348
tlb-hit=1,page-number=806,frame=0,physical-address=3348
logical-address=1077044851,page-number=806,offset=1651
tlb-hit=1,page-number=806,frame=0,physical-address=1651
logical-address=1077043231,page-number=806,offset=31
tlb-hit=1,page-number=806,frame=0,physical-address=31
logical-address=1077044466,page-number=806,offset=1266
tlb-hit=1,page-number=806,frame=0,physical-address=1266
logical-address=1077045140,page-number=806,offset=1940
tlb-hit=1,page-number=806,frame=0,physical-address=1940
logical-address=1077044759,page-number=806,offset=1559
tlb-hit=1,page-number=806,frame=0,physical-address=1559
logical-address=1077043398,page-number=806,offset=198
tlb-hit=1,page-number=806,frame=0,physical-address=198
logical-address=1077044688,page-number=806,offset=1488
tlb-hit=1,page-number=806,frame=0,physical-address=1488
logical-address=1077045906,page-number=806,offset=2706
tlb-hit=1,page-number=806,frame=0,physical-address=2706
logical-address=1077044326,page-number=806,offset=1126
tlb-hit=1,page-number=806,frame=0,physical-address=1126
logical-address=1077046067,page-number=806,offset=2867
tlb-hit=1,page-number=806,frame=0,physical-address=2867
logical-address=1077045870,page-number=806,offset=2670
tlb-hit=1,page-number=806,frame=0,physical-address=2670
logical-address=1077043922,page-number=806,offset=722
tlb-hit=1,page-number=806,frame=0,physical-address=722
logical-address=1077046083,page-number=806,offset=2883
tlb-hit=1,page-number=806,frame=0,physical-address=2883
logical-address=1077046189,page-number=806,offset=2989
tlb-hit=1,page-number=806,frame=0,physical-address=2989
logical-address=1077046613,page-number=806,offset=3413
tlb-hit=1,page-number=806,frame=0,physical-address=3413
logical-address=1077043361,page-number=806,offset=161
tlb-hit=1,page-number=806,frame=0,physical-address=161
logical-address=1077045493,page-number=806,offset=2293
tlb-hit=1,page-number=806,frame=0,physical-address=2293
logical-address=1077043919,page-number=806,offset=719
tlb-hit=1,page-number=806,frame=0,physical-address=719
logical-address=1077046652,page-number=806,offset=3452
tlb-hit=1,page-number=806,frame=0,physical-address=3452
logical-address=1077046339,page-number=806,offset=3139
tlb-hit=1,page-number=806,frame=0,physical-address=3139
logical-address=1077044816,page-number=806,offset=1616
tlb-hit=1,page-number=806,frame=0,physical-address=1616
logical-address=1077045710,page-number=806,offset=2510
tlb-hit=1,page-number=806,frame=0,physical-address=2510
logical-address=1077043612,page-number=806,offset=412
tlb-hit=1,page-number=806,frame=0,physical-address=412
logical-address=1077043696,page-number=806,offset=496
tlb-hit=1,page-number=806,frame=0,physical-address=496
logical-address=1077045935,page-number=806,offset=2735
tlb-hit=1,page-number=806,frame=0,physical-address=2735
logical-address=1077047230,page-number=806,offset=4030
tlb-hit=1,page-number=806,frame=0,physical-address=4030
logical-address=1077046789,page-number=806,offset=3589
tlb-hit=1,page-number=806,frame=0,physical-address=3589
logical-address=254895810,page-number=790,offset=1730
tlb-hit=0,page-number=790,frame=none,physical-address=none
tlb-remove=none,tlb-add=790
page-number=790,page-fault=1,frame-number=1,physical-address=5826
logical-address=254894828,page-number=790,offset=748
tlb-hit=1,page-number=790,frame=1,physical-address=4844
logical-address=254896946,page-number=790,offset=2866
tlb-hit=1,page-number=790,frame=1,physical-address=6962
logical-address=254896900,page-number=790,offset=2820
tlb-hit=1,page-number=790,frame=1,physical-address=6916
logical-address=254897258,page-number=790,offset=3178
tlb-hit=1,page-number=790,frame=1,physical-address=7274
logical-address=254896700,page-number=790,offset=2620
tlb-hit=1,page-number=790,frame=1,physical-address=6716
logical-address=254895015,page-number=790,offset=935
tlb-hit=1,page-number=790,frame=1,physical-address=5031
logical-address=254897368,page-number=790,offset=3288
tlb-hit=1,page-number=790,frame=1,physical-address=7384
logical-address=254894692,page-number=790,offset=612
tlb-hit=1,page-number=790,frame=1,physical-address=4708
logical-address=254894273,page-number=790,offset=193
tlb-hit=1,page-number=790,frame=1,physical-address=4289
logical-address=254894607,page-number=790,offset=527
tlb-hit=1,page-number=790,frame=1,physical-address=4623
logical-address=254896502,page-number=790,offset=2422
tlb-hit=1,page-number=790,frame=1,physical-address=6518
logical-address=254896860,page-number=790,offset=2780
tlb-hit=1,page-number=790,frame=1,physical-address=6876
logical-address=254894527,page-number=790,offset=447
tlb-hit=1,page-number=790,frame=1,physical-address=4543
logical-address=254897464,page-number=790,offset=3384
tlb-hit=1,page-number=790,frame=1,physical-address=7480
logical-address=254897535,page-number=790,offset=3455
tlb-hit=1,page-number=790,frame=1,physical-address=7551
logical-address=254894314,page-number=790,offset=234
tlb-hit=1,page-number=790,frame=1,physical-address=4330
logical-address=254894281,page-number=790,offset=201
tlb-hit=1,page-number=790,frame=1,physical-address=4297
logical-address=254896153,page-number=790,offset=2073
tlb-hit=1,page-number=790,frame=1,physical-address=6169
logical-address=254895778,page-number=790,offset=1698
tlb-hit=1,page-number=790,frame=1,physical-address=5794
logical-address=254895606,page-number=790,offset=1526
tlb-hit=1,page-number=790,frame=1,physical-address=5622
logical-address=254894517,page-number=790,offset=437
tlb-hit=1,page-number=790,frame=1,physical-address=4533
logical-address=254895333,page-number=790,offset=1253
tlb-hit=1,page-number=790,frame=1,physical-address=5349
logical-address=254895612,page-number=790,offset=1532
tlb-hit=1,page-number=790,frame=1,physical-address=5628
logical-address=254895511,page-number=790,offset=1431
tlb-hit=1,page-number=790,frame=1,physical-address=5527
logical-address=254894297,page-number=790,offset=217
tlb-hit=1,page-number=790,frame=1,physical-address=4313
logical-address=254896384,page-number=790,offset=2304
tlb-hit=1,page-number=790,frame=1,physical-address=6400
logical-address=254894985,page-number=790,offset=905
tlb-hit=1,page-number=790,frame=1,physical-address=5001
logical-address=254896906,page-number=790,offset=2826
tlb-hit=1,page-number=790,frame=1,physical-address=6922
logical-address=254897726,page-number=790,offset=3646
tlb-hit=1,page-number=790,frame=1,physical-address=7742
logical-address=254895142,page-number=790,offset=1062
tlb-hit=1,page-number=790,frame=1,physical-address=5158
logical-address=254894949,page-number=790,offset=869
tlb-hit=1,page-number=790,frame=1,physical-address=4965
logical-address=254894725,page-number=790,offset=645
tlb-hit=1,page-number=790,frame=1,physical-address=4741
logical-address=254895616,page-number=790,offset=1536
tlb-hit=1,page-number=790,frame=1,physical-address=5632
logical-address=254894188,page-number=790,offset=108
tlb-hit=1,page-number=790,frame=1,physical-address=4204
logical-address=254896750,page-number=790,offset=2670
tlb-hit=1,page-number=790,frame=1,physical-address=6766
logical-address=254896073,page-number=790,offset=1993
tlb-hit=1,page-number=790,frame=1,physical-address=6089
logical-address=254894222,page-number=790,offset=142
tlb-hit=1,page-number=790,frame=1,physical-address=4238
logical-address=254897084,page-number=790,offset=3004
tlb-hit=1,page-number=790,frame=1,physical-address=7100
logical-address=254895032,page-number=790,offset=952
tlb-hit=1,page-number=790,frame=1,physical-address=5048
logical-address=254896691,page-number=790,offset=2611
tlb-hit=1,page-number=790,frame=1,physical-address=6707
logical-address=254894597,page-number=790,offset=517
tlb-hit=1,page-number=790,frame=1,physical-address=4613
logical-address=254894631,page-number=790,offset=551
tlb-hit=1,page-number=790,frame=1,physical-address=4647
logical-address=254896576,page-number=790,offset=2496
tlb-hit=1,page-number=790,frame=1,physical-address=6592
logical-address=254894144,page-number=790,offset=64
tlb-hit=1,page-number=790,frame=1,physical-address=4160
logical-address=254894969,page-number=790,offset=889
tlb-hit=1,page-number=790,frame=1,physical-address=4985
logical-address=254894928,page-number=790,offset=848
tlb-hit=1,page-number=790,frame=1,physical-address=4944
logical-address=254895911,page-number=790,offset=1831
tlb-hit=1,page-number=790,frame=1,physical-address=5927
logical-address=254897789,page-number=790,offset=3709
tlb-hit=1,page-number=790,frame=1,physical-address=7805
logical-address=254896176,page-number=790,offset=2096
tlb-hit=1,page-number=790,frame=1,physical-address=6192
logical-address=254897870,page-number=790,offset=3790
tlb-hit=1,page-number=790,frame=1,physical-address=7886
logical-address=254897520,page-number=790,offset=3440
tlb-hit=1,page-number=790,frame=1,physical-address=7536
logical-address=254896471,page-number=790,offset=2391
tlb-hit=1,page-number=790,frame=1,physical-address=6487
logical-address=254895538,page-number=790,offset=1458
tlb-hit=1,page-number=790,frame=1,physical-address=5554
logical-address=254894903,page-number=790,offset=823
tlb-hit=1,page-number=790,frame=1,physical-address=4919
logical-address=254897936,page-number=790,offset=3856
tlb-hit=1,page-number=790,frame=1,physical-address=7952
logical-address=254895788,page-number=790,offset=1708
tlb-hit=1,page-number=790,frame=1,physical-address=5804
logical-address=254896536,page-number=790,offset=2456
tlb-hit=1,page-number=790,frame=1,physical-address=6552
logical-address=254897510,page-number=790,offset=3430
tlb-hit=1,page-number=790,frame=1,physical-address=7526
logical-address=254897494,page-number=790,offset=3414
tlb-hit=1,page-number=790,frame=1,physical-address=7510
logical-address=254894740,page-number=790,offset=660
tlb-hit=1,page-number=790,frame=1,physical-address=4756
logical-address=254897562,page-number=790,offset=3482
tlb-hit=1,page-number=790,frame=1,physical-address=7578
logical-address=254896412,page-number=790,offset=2332
tlb-hit=1,page-number=790,frame=1,physical-address=6428
logical-address=254894433,page-number=790,offset=353
tlb-hit=1,page-number=790,frame=1,physical-address=4449
logical-address=254896621,page-number=790,offset=2541
tlb-hit=1,page-number=790,frame=1,physical-address=6637
logical-address=254896554,page-number=790,offset=2474
tlb-hit=1,page-number=790,frame=1,physical-address=6570
logical-address=254897302,page-number=790,offset=3222
tlb-hit=1,page-number=790,frame=1,physical-address=7318
logical-address=254896230,page-number=790,offset=2150
tlb-hit=1,page-number=790,frame=1,physical-address=6246
logical-address=254895610,page-number=790,offset=1530
tlb-hit=1,page-number=790,frame=1,physical-address=5626
logical-address=254897435,page-number=790,offset=3355
tlb-hit=1,page-number=790,frame=1,physical-address=7451
logical-address=254895035,page-number=790,offset=955
tlb-hit=1,page-number=790,frame=1,physical-address=5051
logical-address=254895659,page-number=790,offset=1579
tlb-hit=1,page-number=790,frame=1,physical-address=5675
logical-address=254897397,page-number=790,offset=3317
tlb-hit=1,page-number=790,frame=1,physical-address=7413
logical-address=254894387,page-number=790,offset=307
tlb-hit=1,page-number=790,frame=1,physical-address=4403
logical-address=254896192,page-number=790,offset=2112
tlb-hit=1,page-number=790,frame=1,physical-address=6208
logical-address=254897750,page-number=790,offset=3670
tlb-hit=1,page-number=790,frame=1,physical-address=7766
logical-address=254897604,page-number=790,offset=3524
tlb-hit=1,page-number=790,frame=1,physical-address=7620
logical-address=254897615,page-number=790,offset=3535
tlb-hit=1,page-number=790,frame=1,physical-address=7631
logical-address=254897824,page-number=790,offset=3744
tlb-hit=1,page-number=790,frame=1,physical-address=7840
logical-address=254897194,page-number=790,offset=3114
tlb-hit=1,page-number=790,frame=1,physical-address=7210
logical-address=254895632,page-number=790,offset=1552
tlb-hit=1,page-number=790,frame=1,physical-address=5648
logical-address=254894265,page-number=790,offset=185
tlb-hit=1,page-number=790,frame=1,physical-address=4281
logical-address=254896881,page-number=790,offset=2801
tlb-hit=1,page-number=790,frame=1,physical-address=6897
logical-address=254896798,page-number=790,offset=2718
tlb-hit=1,page-number=790,frame=1,physical-address=6814
logical-address=254895559,page-number=790,offset=1479
tlb-hit=1,page-number=790,frame=1,physical-address=5575
logical-address=254895091,page-number=790,offset=1011
tlb-hit=1,page-number=790,frame=1,physical-address=5107
logical-address=254894691,page-number=790,offset=611
tlb-hit=1,page-number=790,frame=1,physical-address=4707
logical-address=254896239,page-number=790,offset=2159
tlb-hit=1,page-number=790,frame=1,physical-address=6255
logical-address=254897937,page-number=790,offset=3857
tlb-hit=1,page-number=790,frame=1,physical-address=7953
logical-address=254894628,page-number=790,offset=548
tlb-hit=1,page-number=790,frame=1,physical-address=4644
logical-address=254895226,page-number=790,offset=1146
tlb-hit=1,page-number=790,frame=1,physical-address=5242
logical-address=254894096,page-number=790,offset=16
tlb-hit=1,page-number=790,frame=1,physical-address=4112
logical-address=254896245,page-number=790,offset=2165
tlb-hit=1,page-number=790,frame=1,physical-address=6261
logical-address=254896029,page-number=790,offset=1949
tlb-hit=1,page-number=790,frame=1,physical-address=6045
logical-address=254894403,page-number=790,offset=323
tlb-hit=1,page-number=790,frame=1,physical-address=4419
logical-address=254895876,page-number=790,offset=1796
tlb-hit=1,page-number=790,frame=1,physical-address=5892
logical-address=254896501,page-number=790,offset=2421
tlb-hit=1,page-number=790,frame=1,physical-address=6517
logical-address=254896417,page-number=790,offset=2337
tlb-hit=1,page-number=790,frame=1,physical-address=6433
logical-address=254897998,page-number=790,offset=3918
tlb-hit=1,page-number=790,frame=1,physical-address=8014
logical-address=254895090,page-number=790,offset=1010
tlb-hit=1,page-number=790,frame=1,physical-address=5106
logical-address=1090295273,page-number=969,offset=1513
tlb-hit=0,page-number=969,frame=none,physical-address=none
tlb-remove=none,tlb-add=969
page-number=969,page-fault=1,frame-number=2,physical-address=9705
logical-address=1090296503,page-number=969,offset=2743
tlb-hit=1,page-number=969,frame=2,physical-address=10935
logical-address=1090295096,page-number=969,offset=1336
tlb-hit=1,page-number=969,frame=2,physical-address=9528
logical-address=1090293881,page-number=969,offset=121
tlb-hit=1,page-number=969,frame=2,physical-address=8313
logical-address=1090297415,page-number=969,offset=3655
tlb-hit=1,page-number=969,frame=2,physical-address=11847
logical-address=1090295778,page-number=969,offset=2018
tlb-hit=1,page-number=969,frame=2,physical-address=10210
logical-address=1090296394,page-number=969,offset=2634
tlb-hit=1,page-number=969,frame=2,physical-address=10826
logical-address=1090296791,page-number=969,offset=3031
tlb-hit=1,page-number=969,frame=2,physical-address=11223
logical-address=1090295189,page-number=969,offset=1429
tlb-hit=1,page-number=969,frame=2,physical-address=9621
logical-address=1090296674,page-number=969,offset=2914
tlb-hit=1,page-number=969,frame=2,physical-address=11106
logical-address=1090295259,page-number=969,offset=1499
tlb-hit=1,page-number=969,frame=2,physical-address=9691
logical-address=1090296614,page-number=969,offset=2854
tlb-hit=1,page-number=969,frame=2,physical-address=11046
logical-address=1090297454,page-number=969,offset=3694
tlb-hit=1,page-number=969,frame=2,physical-address=11886
logical-address=1090294985,page-number=969,offset=1225
tlb-hit=1,page-number=969,frame=2,physical-address=9417
logical-address=1090294439,page-number=969,offset=679
tlb-hit=1,page-number=969,frame=2,physical-address=8871
logical-address=1090294722,page-number=969,offset=962
tlb-hit=1,page-number=969,frame=2,physical-address=9154
logical-address=1090297753,page-number=969,offset=3993
tlb-hit=1,page-number=969,frame=2,physical-address=12185
logical-address=1090296428,page-number=969,offset=2668
tlb-hit=1,page-number=969,frame=2,physical-address=10860
logical-address=1090294480,page-number=969,offset=720
tlb-hit=1,page-number=969,frame=2,physical-address=8912
logical-address=1090294893,page-number=969,offset=1133
tlb-hit=1,page-number=969,frame=2,physical-address=9325
logical-address=1090294664,page-number=969,offset=904
tlb-hit=1,page-number=969,frame=2,physical-address=9096
logical-address=1090297164,page-number=969,offset=3404
tlb-hit=1,page-number=969,frame=2,physical-address=11596
logical-address=1090297405,page-number=969,offset=3645
tlb-hit=1,page-number=969,frame=2,physical-address=11837
logical-address=1090297013,page-number=969,offset=3253
tlb-hit=1,page-number=969,frame=2,physical-address=11445
logical-address=1090296890,page-number=969,offset=3130
tlb-hit=1,page-number=969,frame=2,physical-address=11322
logical-address=1090294896,page-number=969,offset=1136
tlb-hit=1,page-number=969,frame=2,physical-address=9328
logical-address=1090295645,page-number=969,offset=1885
tlb-hit=1,page-number=969,frame=2,physical-address=10077
logical-address=1090295250,page-number=969,offset=1490
tlb-hit=1,page-number=969,frame=2,physical-address=9682
logical-address=1090297047,page-number=969,offset=3287
tlb-hit=1,page-number=969,frame=2,physical-address=11479
logical-address=1090294801,page-number=969,offset=1041
tlb-hit=1,page-number=969,frame=2,physical-address=9233
logical-address=1090295081,page-number=969,offset=1321
tlb-hit=1,page-number=969,frame=2,physical-address=9513
logical-address=1090293842,page-number=969,offset=82
tlb-hit=1,page-number=969,frame=2,physical-address=8274
logical-address=1090295550,page-number=969,offset=1790
tlb-hit=1,page-number=969,frame=2,physical-address=9982
logical-address=1090297275,page-number=969,offset=3515
tlb-hit=1,page-number=969,frame=2,physical-address=11707
logical-address=1090296323,page-number=969,offset=2563
tlb-hit=1,page-number=969,frame=2,physical-address=10755
logical-address=1090294886,page-number=969,offset=1126
tlb-hit=1,page-number=969,frame=2,physical-address=9318
logical-address=1090295913,page-number=969,offset=2153
tlb-hit=1,page-number=969,frame=2,physical-address=10345
logical-address=1090296371,page-number=969,offset=2611
tlb-hit=1,page-number=969,frame=2,physical-address=10803
logical-address=1090295849,page-number=969,offset=2089
tlb-hit=1,page-number=969,frame=2,physical-address=10281
logical-address=1090295124,page-number=969,offset=1364
tlb-hit=1,page-number=969,frame=2,physical-address=9556
logical-address=1090297209,page-number=969,offset=3449
tlb-hit=1,page-number=969,frame=2,physical-address=11641
logical-address=1090293772,page-number=969,offset=12
tlb-hit=1,page-number=969,frame=2,physical-address=8204
logical-address=1090295409,page-number=969,offset=1649
tlb-hit=1,page-number=969,frame=2,physical-address=9841
logical-address=1090294165,page-number=969,offset=405
tlb-hit=1,page-number=969,frame=2,physical-address=8597
logical-address=1090297668,page-number=969,offset=3908
tlb-hit=1,page-number=969,frame=2,physical-address=12100
logical-address=1090294465,page-number=969,offset=705
tlb-hit=1,page-number=969,frame=2,physical-address=8897
logical-address=1090296040,page-number=969,offset=2280
tlb-hit=1,page-number=969,frame=2,physical-address=10472
logical-address=1090294091,page-number=969,offset=331
tlb-hit=1,page-number=969,frame=2,physical-address=8523
logical-address=1090297194,page-number=969,offset=3434
tlb-hit=1,page-number=969,frame=2,physical-address=11626
logical-address=1090296806,page-number=969,offset=3046
tlb-hit=1,page-number=969,frame=2,physical-address=11238
logical-address=1090296658,page-number=969,offset=2898
tlb-hit=1,page-number=969,frame=2,physical-address=11090
logical-address=1090293817,page-number=969,offset=57
tlb-hit=1,page-number=969,frame=2,physical-address=8249
logical-address=1090296939,page-number=969,offset=3179
tlb-hit=1,page-number=969,frame=2,physical-address=11371
logical-address=1090294917,page-number=969,offset=1157
tlb-hit=1,page-number=969,frame=2,physical-address=9349
logical-address=1090296471,page-number=969,offset=2711
tlb-hit=1,page-number=969,frame=2,physical-address=10903
logical-address=1090296537,page-number=969,offset=2777
tlb-hit=1,page-number=969,frame=2,physical-address=10969
logical-address=1090293971,page-number=969,offset=211
tlb-hit=1,page-number=969,frame=2,physical-address=8403
logical-address=1090295474,page-number=969,offset=1714
tlb-hit=1,page-number=969,frame=2,physical-address=9906
logical-address=1090293875,page-number=969,offset=115
tlb-hit=1,page-number=969,frame=2,physical-address=8307
logical-address=1090294291,page-number=969,offset=531
tlb-hit=1,page-number=969,frame=2,physical-address=8723
logical-address=1090297650,page-number=969,offset=3890
tlb-hit=1,page-number=969,frame=2,physical-address=12082
logical-address=1090296064,page-number=969,offset=2304
tlb-hit=1,page-number=969,frame=2,physical-address=10496
logical-address=1090295651,page-number=969,offset=1891
tlb-hit=1,page-number=969,frame=2,physical-address=10083
logical-address=1090295789,page-number=969,offset=2029
tlb-hit=1,page-number=969,frame=2,physical-address=10221
logical-address=1090295259,page-number=969,offset=1499
tlb-hit=1,page-number=969,frame=2,physical-address=9691
logical-address=1090293916,page-number=969,offset=156
tlb-hit=1,page-number=969,frame=2,physical-address=8348
logical-address=1090297148,page-number=969,offset=3388
tlb-hit=1,page-number=969,frame=2,physical-address=11580
logical-address=1090294207,page-number=969,offset=447
tlb-hit=1,page-number=969,frame=2,physical-address=8639
logical-address=1090294838,page-number=969,offset=1078
tlb-hit=1,page-number=969,frame=2,physical-address=9270
logical-address=1090296810,page-number=969,offset=3050
tlb-hit=1,page-number=969,frame=2,physical-address=11242
logical-address=1090297711,page-number=969,offset=3951
tlb-hit=1,page-number=969,frame=2,physical-address=12143
logical-address=1090294618,page-number=969,offset=858
tlb-hit=1,page-number=969,frame=2,physical-address=9050
logical-address=1090294148,page-number=969,offset=388
tlb-hit=1,page-number=969,frame=2,physical-address=8580
logical-address=1090297492,page-number=969,offset=3732
tlb-hit=1,page-number=969,frame=2,physical-address=11924
logical-address=1090296084,page-number=969,offset=2324
tlb-hit=1,page-number=969,frame=2,physical-address=10516
logical-address=1090297552,page-number=969,offset=3792
tlb-hit=1,page-number=969,frame=2,physical-address=11984
logical-address=1090295212,page-number=969,offset=1452
tlb-hit=1,page-number=969,frame=2,physical-address=9644
logical-address=1090295754,page-number=969,offset=1994
tlb-hit=1,page-number=969,frame=2,physical-address=10186
logical-address=1090297550,page-number=969,offset=3790
tlb-hit=1,page-number=969,frame=2,physical-address=11982
logical-address=1090294680,page-number=969,offset=920
tlb-hit=1,page-number=969,frame=2,physical-address=9112
logical-address=1090296984,page-number=969,offset=3224
tlb-hit=1,page-number=969,frame=2,physical-address=11416
logical-address=1090296290,page-number=969,offset=2530
tlb-hit=1,page-number=969,frame=2,physical-address=10722
logical-address=1090297376,page-number=969,offset=3616
tlb-hit=1,page-number=969,frame=2,physical-address=11808
logical-address=1090295541,page-number=969,offset=1781
tlb-hit=1,page-number=969,frame=2,physical-address=9973
logical-address=1090297045,page-number=969,offset=3285
tlb-hit=1,page-number=969,frame=2,physical-address=11477
logical-address=1090297574,page-number=969,offset=3814
tlb-hit=1,page-number=969,frame=2,physical-address=12006
logical-address=1090295676,page-number=969,offset=1916
tlb-hit=1,page-number=969,frame=2,physical-address=10108
logical-address=1090293766,page-number=969,offset=6
tlb-hit=1,page-number=969,frame=2,physical-address=8198
logical-address=1090297757,page-number=969,offset=3997
tlb-hit=1,page-number=969,frame=2,physical-address=12189
logical-address=1090297459,page-number=969,offset=3699
tlb-hit=1,page-number=969,frame=2,physical-address=11891
logical-address=1090297337,page-number=969,offset=3577
tlb-hit=1,page-number=969,frame=2,physical-address=11769
logical-address=1090296285,page-number=969,offset=2525
tlb-hit=1,page-number=969,frame=2,physical-address=10717
logical-address=1090296335,page-number=969,offset=2575
tlb-hit=1,page-number=969,frame=2,physical-address=10767
logical-address=1090297834,page-number=969,offset=4074
tlb-hit=1,page-number=969,frame=2,physical-address=12266
logical-address=1090294567,page-number=969,offset=807
tlb-hit=1,page-number=969,frame=2,physical-address=8999
logical-address=1090297766,page-number=969,offset=4006
tlb-hit=1,page-number=969,frame=2,physical-address=12198
logical-address=1090297486,page-number=969,offset=3726
tlb-hit=1,page-number=969,frame=2,physical-address=11918
logical-address=1090294445,page-number=969,offset=685
tlb-hit=1,page-number=969,frame=2,physical-address=8877
logical-address=1090295389,page-number=969,offset=1629
tlb-hit=1,page-number=969,frame=2,physical-address=9821
logical-address=1090293969,page-number=969,offset=209
tlb-hit=1,page-number=969,frame=2,physical-address=8401
