logical-address=0,page-number=0,offset=0
tlb-hit=0,page-number=0,frame=none,physical-address=none
tlb-remove=none,tlb-add=0
page-number=0,page-fault=1,frame-number=0,physical-address=0
logical-address=4096,page-number=1,offset=0
tlb-hit=0,page-number=1,frame=none,physical-address=none
tlb-remove=none,tlb-add=1
page-number=1,page-fault=1,frame-number=1,physical-address=4096
logical-address=8192,page-number=2,offset=0
tlb-hit=0,page-number=2,frame=none,physical-address=none
tlb-remove=none,tlb-add=2
page-number=2,page-fault=1,frame-number=2,physical-address=8192
logical-address=12288,page-number=3,offset=0
tlb-hit=0,page-number=3,frame=none,physical-address=none
tlb-remove=none,tlb-add=3
page-number=3,page-fault=1,frame-number=3,physical-address=12288
logical-address=16384,page-number=4,offset=0
tlb-hit=0,page-number=4,frame=none,physical-address=none
tlb-remove=none,tlb-add=4
page-number=4,page-fault=1,frame-number=4,physical-address=16384
logical-address=20480,page-number=5,offset=0
tlb-hit=0,page-number=5,frame=none,physical-address=none
tlb-remove=none,tlb-add=5
page-number=5,page-fault=1,frame-number=5,physical-address=20480
logical-address=24576,page-number=6,offset=0
tlb-hit=0,page-number=6,frame=none,physical-address=none
tlb-remove=none,tlb-add=6
page-number=6,page-fault=1,frame-number=6,physical-address=24576
logical-address=28672,page-number=7,offset=0
tlb-hit=0,page-number=7,frame=none,physical-address=none
tlb-remove=none,tlb-add=7
page-number=7,page-fault=1,frame-number=7,physical-address=28672
logical-address=32768,page-number=8,offset=0
tlb-hit=0,page-number=8,frame=none,physical-address=none
tlb-remove=none,tlb-add=8
page-number=8,page-fault=1,frame-number=8,physical-address=32768
logical-address=36864,page-number=9,offset=0
tlb-hit=0,page-number=9,frame=none,physical-address=none
tlb-remove=none,tlb-add=9
page-number=9,page-fault=1,frame-number=9,physical-address=36864
logical-address=40960,page-number=10,offset=0
tlb-hit=0,page-number=10,frame=none,physical-address=none
tlb-remove=none,tlb-add=10
page-number=10,page-fault=1,frame-number=10,physical-address=40960
logical-address=45056,page-number=11,offset=0
tlb-hit=0,page-number=11,frame=none,physical-address=none
tlb-remove=none,tlb-add=11
page-number=11,page-fault=1,frame-number=11,physical-address=45056
logical-address=49152,page-number=12,offset=0
tlb-hit=0,page-number=12,frame=none,physical-address=none
tlb-remove=none,tlb-add=12
page-number=12,page-fault=1,frame-number=12,physical-address=49152
logical-address=53248,page-number=13,offset=0
tlb-hit=0,page-number=13,frame=none,physical-address=none
tlb-remove=none,tlb-add=13
page-number=13,page-fault=1,frame-number=13,physical-address=53248
logical-address=57344,page-number=14,offset=0
tlb-hit=0,page-number=14,frame=none,physical-address=none
tlb-remove=none,tlb-add=14
page-number=14,page-fault=1,frame-number=14,physical-address=57344
logical-address=61440,page-number=15,offset=0
tlb-hit=0,page-number=15,frame=none,physical-address=none
tlb-remove=none,tlb-add=15
page-number=15,page-fault=1,frame-number=15,physical-address=61440
logical-address=65536,page-number=16,offset=0
tlb-hit=0,page-number=16,frame=none,physical-address=none
tlb-remove=none,tlb-add=16
page-number=16,page-fault=1,frame-number=16,physical-address=65536
logical-address=69632,page-number=17,offset=0
tlb-hit=0,page-number=17,frame=none,physical-address=none
tlb-remove=none,tlb-add=17
page-number=17,page-fault=1,frame-number=17,physical-address=69632
logical-address=73728,page-number=18,offset=0
tlb-hit=0,page-number=18,frame=none,physical-address=none
tlb-remove=none,tlb-add=18
page-number=18,page-fault=1,frame-number=18,physical-address=73728
logical-address=77824,page-number=19,offset=0
tlb-hit=0,page-number=19,frame=none,physical-address=none
tlb-remove=none,tlb-add=19
page-number=19,page-fault=1,frame-number=19,physical-address=77824
logical-address=81920,page-number=20,offset=0
tlb-hit=0,page-number=20,frame=none,physical-address=none
tlb-remove=none,tlb-add=20
page-number=20,page-fault=1,frame-number=20,physical-address=81920
logical-address=86016,page-number=21,offset=0
tlb-hit=0,page-number=21,frame=none,physical-address=none
tlb-remove=none,tlb-add=21
page-number=21,page-fault=1,frame-number=21,physical-address=86016
logical-address=90112,page-number=22,offset=0
tlb-hit=0,page-number=22,frame=none,physical-address=none
tlb-remove=none,tlb-add=22
page-number=22,page-fault=1,frame-number=22,physical-address=90112
logical-address=94208,page-number=23,offset=0
tlb-hit=0,page-number=23,frame=none,physical-address=none
tlb-remove=none,tlb-add=23
page-number=23,page-fault=1,frame-number=23,physical-address=94208
logical-address=98304,page-number=24,offset=0
tlb-hit=0,page-number=24,frame=none,physical-address=none
tlb-remove=none,tlb-add=24
page-number=24,page-fault=1,frame-number=24,physical-address=98304
logical-address=102400,page-number=25,offset=0
tlb-hit=0,page-number=25,frame=none,physical-address=none
tlb-remove=none,tlb-add=25
page-number=25,page-fault=1,frame-number=25,physical-address=102400
logical-address=106496,page-number=26,offset=0
tlb-hit=0,page-number=26,frame=none,physical-address=none
tlb-remove=none,tlb-add=26
page-number=26,page-fault=1,frame-number=26,physical-address=106496
logical-address=110592,page-number=27,offset=0
tlb-hit=0,page-number=27,frame=none,physical-address=none
tlb-remove=none,tlb-add=27
page-number=27,page-fault=1,frame-number=27,physical-address=110592
logical-address=114688,page-number=28,offset=0
tlb-hit=0,page-number=28,frame=none,physical-address=none
tlb-remove=none,tlb-add=28
page-number=28,page-fault=1,frame-number=28,physical-address=114688
logical-address=118784,page-number=29,offset=0
tlb-hit=0,page-number=29,frame=none,physical-address=none
tlb-remove=none,tlb-add=29
page-number=29,page-fault=1,frame-number=29,physical-address=118784
logical-address=122880,page-number=30,offset=0
tlb-hit=0,page-number=30,frame=none,physical-address=none
tlb-remove=none,tlb-add=30
page-number=30,page-fault=1,frame-number=30,physical-address=122880
logical-address=126976,page-number=31,offset=0
tlb-hit=0,page-number=31,frame=none,physical-address=none
tlb-remove=none,tlb-add=31
page-number=31,page-fault=1,frame-number=31,physical-address=126976
logical-address=0,page-number=0,offset=0
tlb-hit=1,page-number=0,frame=0,physical-address=0
logical-address=131072,page-number=32,offset=0
tlb-hit=0,page-number=32,frame=none,physical-address=none
tlb-remove=1,tlb-add=32
page-number=32,page-fault=1,frame-number=32,physical-address=131072
