logical-address=30023,page-number=7,offset=1351
tlb-hit=0,page-number=7,frame=none,physical-address=none
tlb-remove=none,tlb-add=7
page-number=7,page-fault=1,frame-number=0,physical-address=1351
logical-address=90112,page-number=22,offset=0
tlb-hit=0,page-number=22,frame=none,physical-address=none
tlb-remove=none,tlb-add=22
page-number=22,page-fault=1,frame-number=1,physical-address=4096
logical-address=94208,page-number=23,offset=0
tlb-hit=0,page-number=23,frame=none,physical-address=none
tlb-remove=none,tlb-add=23
page-number=23,page-fault=1,frame-number=2,physical-address=8192
logical-address=98304,page-number=24,offset=0
tlb-hit=0,page-number=24,frame=none,physical-address=none
tlb-remove=none,tlb-add=24
page-number=24,page-fault=1,frame-number=3,physical-address=12288
logical-address=102400,page-number=25,offset=0
tlb-hit=0,page-number=25,frame=none,physical-address=none
tlb-remove=none,tlb-add=25
page-number=25,page-fault=1,frame-number=4,physical-address=16384
logical-address=106496,page-number=26,offset=0
tlb-hit=0,page-number=26,frame=none,physical-address=none
tlb-remove=none,tlb-add=26
page-number=26,page-fault=1,frame-number=5,physical-address=20480
logical-address=110592,page-number=27,offset=0
tlb-hit=0,page-number=27,frame=none,physical-address=none
tlb-remove=none,tlb-add=27
page-number=27,page-fault=1,frame-number=6,physical-address=24576
logical-address=114688,page-number=28,offset=0
tlb-hit=0,page-number=28,frame=none,physical-address=none
tlb-remove=none,tlb-add=28
page-number=28,page-fault=1,frame-number=7,physical-address=28672
logical-address=118784,page-number=29,offset=0
tlb-hit=0,page-number=29,frame=none,physical-address=none
tlb-remove=none,tlb-add=29
page-number=29,page-fault=1,frame-number=8,physical-address=32768
logical-address=122880,page-number=30,offset=0
tlb-hit=0,page-number=30,frame=none,physical-address=none
tlb-remove=none,tlb-add=30
page-number=30,page-fault=1,frame-number=9,physical-address=36864
logical-address=126976,page-number=31,offset=0
tlb-hit=0,page-number=31,frame=none,physical-address=none
tlb-remove=none,tlb-add=31
page-number=31,page-fault=1,frame-number=10,physical-address=40960
logical-address=131072,page-number=32,offset=0
tlb-hit=0,page-number=32,frame=none,physical-address=none
tlb-remove=none,tlb-add=32
page-number=32,page-fault=1,frame-number=11,physical-address=45056
logical-address=135168,page-number=33,offset=0
tlb-hit=0,page-number=33,frame=none,physical-address=none
tlb-remove=none,tlb-add=33
page-number=33,page-fault=1,frame-number=12,physical-address=49152
logical-address=139264,page-number=34,offset=0
tlb-hit=0,page-number=34,frame=none,physical-address=none
tlb-remove=none,tlb-add=34
page-number=34,page-fault=1,frame-number=13,physical-address=53248
logical-address=143360,page-number=35,offset=0
tlb-hit=0,page-number=35,frame=none,physical-address=none
tlb-remove=none,tlb-add=35
page-number=35,page-fault=1,frame-number=14,physical-address=57344
logical-address=147456,page-number=36,offset=0
tlb-hit=0,page-number=36,frame=none,physical-address=none
tlb-remove=none,tlb-add=36
page-number=36,page-fault=1,frame-number=15,physical-address=61440
logical-address=151552,page-number=37,offset=0
tlb-hit=0,page-number=37,frame=none,physical-address=none
tlb-remove=none,tlb-add=37
page-number=37,page-fault=1,frame-number=16,physical-address=65536
logical-address=155648,page-number=38,offset=0
tlb-hit=0,page-number=38,frame=none,physical-address=none
tlb-remove=none,tlb-add=38
page-number=38,page-fault=1,frame-number=17,physical-address=69632
logical-address=159744,page-number=39,offset=0
tlb-hit=0,page-number=39,frame=none,physical-address=none
tlb-remove=none,tlb-add=39
page-number=39,page-fault=1,frame-number=18,physical-address=73728
logical-address=163840,page-number=40,offset=0
tlb-hit=0,page-number=40,frame=none,physical-address=none
tlb-remove=none,tlb-add=40
page-number=40,page-fault=1,frame-number=19,physical-address=77824
logical-address=167936,page-number=41,offset=0
tlb-hit=0,page-number=41,frame=none,physical-address=none
tlb-remove=none,tlb-add=41
page-number=41,page-fault=1,frame-number=20,physical-address=81920
logical-address=172032,page-number=42,offset=0
tlb-hit=0,page-number=42,frame=none,physical-address=none
tlb-remove=none,tlb-add=42
page-number=42,page-fault=1,frame-number=21,physical-address=86016
logical-address=176128,page-number=43,offset=0
tlb-hit=0,page-number=43,frame=none,physical-address=none
tlb-remove=none,tlb-add=43
page-number=43,page-fault=1,frame-number=22,physical-address=90112
logical-address=180224,page-number=44,offset=0
tlb-hit=0,page-number=44,frame=none,physical-address=none
tlb-remove=none,tlb-add=44
page-number=44,page-fault=1,frame-number=23,physical-address=94208
logical-address=184320,page-number=45,offset=0
tlb-hit=0,page-number=45,frame=none,physical-address=none
tlb-remove=none,tlb-add=45
page-number=45,page-fault=1,frame-number=24,physical-address=98304
logical-address=188416,page-number=46,offset=0
tlb-hit=0,page-number=46,frame=none,physical-address=none
tlb-remove=none,tlb-add=46
page-number=46,page-fault=1,frame-number=25,physical-address=102400
logical-address=192512,page-number=47,offset=0
tlb-hit=0,page-number=47,frame=none,physical-address=none
tlb-remove=none,tlb-add=47
page-number=47,page-fault=1,frame-number=26,physical-address=106496
logical-address=196608,page-number=48,offset=0
tlb-hit=0,page-number=48,frame=none,physical-address=none
tlb-remove=none,tlb-add=48
page-number=48,page-fault=1,frame-number=27,physical-address=110592
logical-address=200704,page-number=49,offset=0
tlb-hit=0,page-number=49,frame=none,physical-address=none
tlb-remove=none,tlb-add=49
page-number=49,page-fault=1,frame-number=28,physical-address=114688
logical-address=204800,page-number=50,offset=0
tlb-hit=0,page-number=50,frame=none,physical-address=none
tlb-remove=none,tlb-add=50
page-number=50,page-fault=1,frame-number=29,physical-address=118784
logical-address=208896,page-number=51,offset=0
tlb-hit=0,page-number=51,frame=none,physical-address=none
tlb-remove=none,tlb-add=51
page-number=51,page-fault=1,frame-number=30,physical-address=122880
logical-address=212992,page-number=52,offset=0
tlb-hit=0,page-number=52,frame=none,physical-address=none
tlb-remove=none,tlb-add=52
page-number=52,page-fault=1,frame-number=31,physical-address=126976
logical-address=217088,page-number=53,offset=0
tlb-hit=0,page-number=53,frame=none,physical-address=none
tlb-remove=7,tlb-add=53
page-number=53,page-fault=1,frame-number=32,physical-address=131072
logical-address=221184,page-number=54,offset=0
tlb-hit=0,page-number=54,frame=none,physical-address=none
tlb-remove=22,tlb-add=54
page-number=54,page-fault=1,frame-number=33,physical-address=135168
logical-address=225280,page-number=55,offset=0
tlb-hit=0,page-number=55,frame=none,physical-address=none
tlb-remove=23,tlb-add=55
page-number=55,page-fault=1,frame-number=34,physical-address=139264
logical-address=229376,page-number=56,offset=0
tlb-hit=0,page-number=56,frame=none,physical-address=none
tlb-remove=24,tlb-add=56
page-number=56,page-fault=1,frame-number=35,physical-address=143360
logical-address=233472,page-number=57,offset=0
tlb-hit=0,page-number=57,frame=none,physical-address=none
tlb-remove=25,tlb-add=57
page-number=57,page-fault=1,frame-number=36,physical-address=147456
logical-address=237568,page-number=58,offset=0
tlb-hit=0,page-number=58,frame=none,physical-address=none
tlb-remove=26,tlb-add=58
page-number=58,page-fault=1,frame-number=37,physical-address=151552
logical-address=241664,page-number=59,offset=0
tlb-hit=0,page-number=59,frame=none,physical-address=none
tlb-remove=27,tlb-add=59
page-number=59,page-fault=1,frame-number=38,physical-address=155648
logical-address=245760,page-number=60,offset=0
tlb-hit=0,page-number=60,frame=none,physical-address=none
tlb-remove=28,tlb-add=60
page-number=60,page-fault=1,frame-number=39,physical-address=159744
logical-address=249856,page-number=61,offset=0
tlb-hit=0,page-number=61,frame=none,physical-address=none
tlb-remove=29,tlb-add=61
page-number=61,page-fault=1,frame-number=40,physical-address=163840
logical-address=253952,page-number=62,offset=0
tlb-hit=0,page-number=62,frame=none,physical-address=none
tlb-remove=30,tlb-add=62
page-number=62,page-fault=1,frame-number=41,physical-address=167936
logical-address=258048,page-number=63,offset=0
tlb-hit=0,page-number=63,frame=none,physical-address=none
tlb-remove=31,tlb-add=63
page-number=63,page-fault=1,frame-number=42,physical-address=172032
logical-address=262144,page-number=64,offset=0
tlb-hit=0,page-number=64,frame=none,physical-address=none
tlb-remove=32,tlb-add=64
page-number=64,page-fault=1,frame-number=43,physical-address=176128
logical-address=266240,page-number=65,offset=0
tlb-hit=0,page-number=65,frame=none,physical-address=none
tlb-remove=33,tlb-add=65
page-number=65,page-fault=1,frame-number=44,physical-address=180224
logical-address=270336,page-number=66,offset=0
tlb-hit=0,page-number=66,frame=none,physical-address=none
tlb-remove=34,tlb-add=66
page-number=66,page-fault=1,frame-number=45,physical-address=184320
logical-address=274432,page-number=67,offset=0
tlb-hit=0,page-number=67,frame=none,physical-address=none
tlb-remove=35,tlb-add=67
page-number=67,page-fault=1,frame-number=46,physical-address=188416
logical-address=278528,page-number=68,offset=0
tlb-hit=0,page-number=68,frame=none,physical-address=none
tlb-remove=36,tlb-add=68
page-number=68,page-fault=1,frame-number=47,physical-address=192512
logical-address=282624,page-number=69,offset=0
tlb-hit=0,page-number=69,frame=none,physical-address=none
tlb-remove=37,tlb-add=69
page-number=69,page-fault=1,frame-number=48,physical-address=196608
logical-address=286720,page-number=70,offset=0
tlb-hit=0,page-number=70,frame=none,physical-address=none
tlb-remove=38,tlb-add=70
page-number=70,page-fault=1,frame-number=49,physical-address=200704
logical-address=290816,page-number=71,offset=0
tlb-hit=0,page-number=71,frame=none,physical-address=none
tlb-remove=39,tlb-add=71
page-number=71,page-fault=1,frame-number=50,physical-address=204800
logical-address=294912,page-number=72,offset=0
tlb-hit=0,page-number=72,frame=none,physical-address=none
tlb-remove=40,tlb-add=72
page-number=72,page-fault=1,frame-number=51,physical-address=208896
logical-address=299008,page-number=73,offset=0
tlb-hit=0,page-number=73,frame=none,physical-address=none
tlb-remove=41,tlb-add=73
page-number=73,page-fault=1,frame-number=52,physical-address=212992
logical-address=303104,page-number=74,offset=0
tlb-hit=0,page-number=74,frame=none,physical-address=none
tlb-remove=42,tlb-add=74
page-number=74,page-fault=1,frame-number=53,physical-address=217088
logical-address=307200,page-number=75,offset=0
tlb-hit=0,page-number=75,frame=none,physical-address=none
tlb-remove=43,tlb-add=75
page-number=75,page-fault=1,frame-number=54,physical-address=221184
logical-address=311296,page-number=76,offset=0
tlb-hit=0,page-number=76,frame=none,physical-address=none
tlb-remove=44,tlb-add=76
page-number=76,page-fault=1,frame-number=55,physical-address=225280
logical-address=315392,page-number=77,offset=0
tlb-hit=0,page-number=77,frame=none,physical-address=none
tlb-remove=45,tlb-add=77
page-number=77,page-fault=1,frame-number=56,physical-address=229376
logical-address=319488,page-number=78,offset=0
tlb-hit=0,page-number=78,frame=none,physical-address=none
tlb-remove=46,tlb-add=78
page-number=78,page-fault=1,frame-number=57,physical-address=233472
logical-address=323584,page-number=79,offset=0
tlb-hit=0,page-number=79,frame=none,physical-address=none
tlb-remove=47,tlb-add=79
page-number=79,page-fault=1,frame-number=58,physical-address=237568
logical-address=327680,page-number=80,offset=0
tlb-hit=0,page-number=80,frame=none,physical-address=none
tlb-remove=48,tlb-add=80
page-number=80,page-fault=1,frame-number=59,physical-address=241664
logical-address=331776,page-number=81,offset=0
tlb-hit=0,page-number=81,frame=none,physical-address=none
tlb-remove=49,tlb-add=81
page-number=81,page-fault=1,frame-number=60,physical-address=245760
logical-address=335872,page-number=82,offset=0
tlb-hit=0,page-number=82,frame=none,physical-address=none
tlb-remove=50,tlb-add=82
page-number=82,page-fault=1,frame-number=61,physical-address=249856
logical-address=339968,page-number=83,offset=0
tlb-hit=0,page-number=83,frame=none,physical-address=none
tlb-remove=51,tlb-add=83
page-number=83,page-fault=1,frame-number=62,physical-address=253952
logical-address=344064,page-number=84,offset=0
tlb-hit=0,page-number=84,frame=none,physical-address=none
tlb-remove=52,tlb-add=84
page-number=84,page-fault=1,frame-number=63,physical-address=258048
logical-address=348160,page-number=85,offset=0
tlb-hit=0,page-number=85,frame=none,physical-address=none
tlb-remove=53,tlb-add=85
page-number=85,page-fault=1,frame-number=64,physical-address=262144
logical-address=352256,page-number=86,offset=0
tlb-hit=0,page-number=86,frame=none,physical-address=none
tlb-remove=54,tlb-add=86
page-number=86,page-fault=1,frame-number=65,physical-address=266240
logical-address=356352,page-number=87,offset=0
tlb-hit=0,page-number=87,frame=none,physical-address=none
tlb-remove=55,tlb-add=87
page-number=87,page-fault=1,frame-number=66,physical-address=270336
logical-address=360448,page-number=88,offset=0
tlb-hit=0,page-number=88,frame=none,physical-address=none
tlb-remove=56,tlb-add=88
page-number=88,page-fault=1,frame-number=67,physical-address=274432
logical-address=364544,page-number=89,offset=0
tlb-hit=0,page-number=89,frame=none,physical-address=none
tlb-remove=57,tlb-add=89
page-number=89,page-fault=1,frame-number=68,physical-address=278528
logical-address=368640,page-number=90,offset=0
tlb-hit=0,page-number=90,frame=none,physical-address=none
tlb-remove=58,tlb-add=90
page-number=90,page-fault=1,frame-number=69,physical-address=282624
logical-address=372736,page-number=91,offset=0
tlb-hit=0,page-number=91,frame=none,physical-address=none
tlb-remove=59,tlb-add=91
page-number=91,page-fault=1,frame-number=70,physical-address=286720
logical-address=376832,page-number=92,offset=0
tlb-hit=0,page-number=92,frame=none,physical-address=none
tlb-remove=60,tlb-add=92
page-number=92,page-fault=1,frame-number=71,physical-address=290816
logical-address=380928,page-number=93,offset=0
tlb-hit=0,page-number=93,frame=none,physical-address=none
tlb-remove=61,tlb-add=93
page-number=93,page-fault=1,frame-number=72,physical-address=294912
logical-address=385024,page-number=94,offset=0
tlb-hit=0,page-number=94,frame=none,physical-address=none
tlb-remove=62,tlb-add=94
page-number=94,page-fault=1,frame-number=73,physical-address=299008
logical-address=389120,page-number=95,offset=0
tlb-hit=0,page-number=95,frame=none,physical-address=none
tlb-remove=63,tlb-add=95
page-number=95,page-fault=1,frame-number=74,physical-address=303104
logical-address=393216,page-number=96,offset=0
tlb-hit=0,page-number=96,frame=none,physical-address=none
tlb-remove=64,tlb-add=96
page-number=96,page-fault=1,frame-number=75,physical-address=307200
logical-address=397312,page-number=97,offset=0
tlb-hit=0,page-number=97,frame=none,physical-address=none
tlb-remove=65,tlb-add=97
page-number=97,page-fault=1,frame-number=76,physical-address=311296
logical-address=401408,page-number=98,offset=0
tlb-hit=0,page-number=98,frame=none,physical-address=none
tlb-remove=66,tlb-add=98
page-number=98,page-fault=1,frame-number=77,physical-address=315392
logical-address=405504,page-number=99,offset=0
tlb-hit=0,page-number=99,frame=none,physical-address=none
tlb-remove=67,tlb-add=99
page-number=99,page-fault=1,frame-number=78,physical-address=319488
logical-address=409600,page-number=100,offset=0
tlb-hit=0,page-number=100,frame=none,physical-address=none
tlb-remove=68,tlb-add=100
page-number=100,page-fault=1,frame-number=79,physical-address=323584
logical-address=413696,page-number=101,offset=0
tlb-hit=0,page-number=101,frame=none,physical-address=none
tlb-remove=69,tlb-add=101
page-number=101,page-fault=1,frame-number=80,physical-address=327680
logical-address=417792,page-number=102,offset=0
tlb-hit=0,page-number=102,frame=none,physical-address=none
tlb-remove=70,tlb-add=102
page-number=102,page-fault=1,frame-number=81,physical-address=331776
logical-address=421888,page-number=103,offset=0
tlb-hit=0,page-number=103,frame=none,physical-address=none
tlb-remove=71,tlb-add=103
page-number=103,page-fault=1,frame-number=82,physical-address=335872
logical-address=425984,page-number=104,offset=0
tlb-hit=0,page-number=104,frame=none,physical-address=none
tlb-remove=72,tlb-add=104
page-number=104,page-fault=1,frame-number=83,physical-address=339968
logical-address=430080,page-number=105,offset=0
tlb-hit=0,page-number=105,frame=none,physical-address=none
tlb-remove=73,tlb-add=105
page-number=105,page-fault=1,frame-number=84,physical-address=344064
logical-address=434176,page-number=106,offset=0
tlb-hit=0,page-number=106,frame=none,physical-address=none
tlb-remove=74,tlb-add=106
page-number=106,page-fault=1,frame-number=85,physical-address=348160
logical-address=438272,page-number=107,offset=0
tlb-hit=0,page-number=107,frame=none,physical-address=none
tlb-remove=75,tlb-add=107
page-number=107,page-fault=1,frame-number=86,physical-address=352256
logical-address=442368,page-number=108,offset=0
tlb-hit=0,page-number=108,frame=none,physical-address=none
tlb-remove=76,tlb-add=108
page-number=108,page-fault=1,frame-number=87,physical-address=356352
logical-address=446464,page-number=109,offset=0
tlb-hit=0,page-number=109,frame=none,physical-address=none
tlb-remove=77,tlb-add=109
page-number=109,page-fault=1,frame-number=88,physical-address=360448
logical-address=450560,page-number=110,offset=0
tlb-hit=0,page-number=110,frame=none,physical-address=none
tlb-remove=78,tlb-add=110
page-number=110,page-fault=1,frame-number=89,physical-address=364544
logical-address=454656,page-number=111,offset=0
tlb-hit=0,page-number=111,frame=none,physical-address=none
tlb-remove=79,tlb-add=111
page-number=111,page-fault=1,frame-number=90,physical-address=368640
logical-address=458752,page-number=112,offset=0
tlb-hit=0,page-number=112,frame=none,physical-address=none
tlb-remove=80,tlb-add=112
page-number=112,page-fault=1,frame-number=91,physical-address=372736
logical-address=462848,page-number=113,offset=0
tlb-hit=0,page-number=113,frame=none,physical-address=none
tlb-remove=81,tlb-add=113
page-number=113,page-fault=1,frame-number=92,physical-address=376832
logical-address=466944,page-number=114,offset=0
tlb-hit=0,page-number=114,frame=none,physical-address=none
tlb-remove=82,tlb-add=114
page-number=114,page-fault=1,frame-number=93,physical-address=380928
logical-address=471040,page-number=115,offset=0
tlb-hit=0,page-number=115,frame=none,physical-address=none
tlb-remove=83,tlb-add=115
page-number=115,page-fault=1,frame-number=94,physical-address=385024
logical-address=475136,page-number=116,offset=0
tlb-hit=0,page-number=116,frame=none,physical-address=none
tlb-remove=84,tlb-add=116
page-number=116,page-fault=1,frame-number=95,physical-address=389120
logical-address=479232,page-number=117,offset=0
tlb-hit=0,page-number=117,frame=none,physical-address=none
tlb-remove=85,tlb-add=117
page-number=117,page-fault=1,frame-number=96,physical-address=393216
logical-address=483328,page-number=118,offset=0
tlb-hit=0,page-number=118,frame=none,physical-address=none
tlb-remove=86,tlb-add=118
page-number=118,page-fault=1,frame-number=97,physical-address=397312
logical-address=487424,page-number=119,offset=0
tlb-hit=0,page-number=119,frame=none,physical-address=none
tlb-remove=87,tlb-add=119
page-number=119,page-fault=1,frame-number=98,physical-address=401408
logical-address=491520,page-number=120,offset=0
tlb-hit=0,page-number=120,frame=none,physical-address=none
tlb-remove=88,tlb-add=120
page-number=120,page-fault=1,frame-number=99,physical-address=405504
logical-address=495616,page-number=121,offset=0
tlb-hit=0,page-number=121,frame=none,physical-address=none
tlb-remove=89,tlb-add=121
page-number=121,page-fault=1,frame-number=100,physical-address=409600
logical-address=499712,page-number=122,offset=0
tlb-hit=0,page-number=122,frame=none,physical-address=none
tlb-remove=90,tlb-add=122
page-number=122,page-fault=1,frame-number=101,physical-address=413696
logical-address=503808,page-number=123,offset=0
tlb-hit=0,page-number=123,frame=none,physical-address=none
tlb-remove=91,tlb-add=123
page-number=123,page-fault=1,frame-number=102,physical-address=417792
logical-address=507904,page-number=124,offset=0
tlb-hit=0,page-number=124,frame=none,physical-address=none
tlb-remove=92,tlb-add=124
page-number=124,page-fault=1,frame-number=103,physical-address=421888
logical-address=512000,page-number=125,offset=0
tlb-hit=0,page-number=125,frame=none,physical-address=none
tlb-remove=93,tlb-add=125
page-number=125,page-fault=1,frame-number=104,physical-address=425984
logical-address=516096,page-number=126,offset=0
tlb-hit=0,page-number=126,frame=none,physical-address=none
tlb-remove=94,tlb-add=126
page-number=126,page-fault=1,frame-number=105,physical-address=430080
logical-address=520192,page-number=127,offset=0
tlb-hit=0,page-number=127,frame=none,physical-address=none
tlb-remove=95,tlb-add=127
page-number=127,page-fault=1,frame-number=106,physical-address=434176
logical-address=524288,page-number=128,offset=0
tlb-hit=0,page-number=128,frame=none,physical-address=none
tlb-remove=96,tlb-add=128
page-number=128,page-fault=1,frame-number=107,physical-address=438272
logical-address=528384,page-number=129,offset=0
tlb-hit=0,page-number=129,frame=none,physical-address=none
tlb-remove=97,tlb-add=129
page-number=129,page-fault=1,frame-number=108,physical-address=442368
logical-address=532480,page-number=130,offset=0
tlb-hit=0,page-number=130,frame=none,physical-address=none
tlb-remove=98,tlb-add=130
page-number=130,page-fault=1,frame-number=109,physical-address=446464
logical-address=536576,page-number=131,offset=0
tlb-hit=0,page-number=131,frame=none,physical-address=none
tlb-remove=99,tlb-add=131
page-number=131,page-fault=1,frame-number=110,physical-address=450560
logical-address=540672,page-number=132,offset=0
tlb-hit=0,page-number=132,frame=none,physical-address=none
tlb-remove=100,tlb-add=132
page-number=132,page-fault=1,frame-number=111,physical-address=454656
logical-address=544768,page-number=133,offset=0
tlb-hit=0,page-number=133,frame=none,physical-address=none
tlb-remove=101,tlb-add=133
page-number=133,page-fault=1,frame-number=112,physical-address=458752
logical-address=548864,page-number=134,offset=0
tlb-hit=0,page-number=134,frame=none,physical-address=none
tlb-remove=102,tlb-add=134
page-number=134,page-fault=1,frame-number=113,physical-address=462848
logical-address=552960,page-number=135,offset=0
tlb-hit=0,page-number=135,frame=none,physical-address=none
tlb-remove=103,tlb-add=135
page-number=135,page-fault=1,frame-number=114,physical-address=466944
logical-address=557056,page-number=136,offset=0
tlb-hit=0,page-number=136,frame=none,physical-address=none
tlb-remove=104,tlb-add=136
page-number=136,page-fault=1,frame-number=115,physical-address=471040
logical-address=561152,page-number=137,offset=0
tlb-hit=0,page-number=137,frame=none,physical-address=none
tlb-remove=105,tlb-add=137
page-number=137,page-fault=1,frame-number=116,physical-address=475136
logical-address=565248,page-number=138,offset=0
tlb-hit=0,page-number=138,frame=none,physical-address=none
tlb-remove=106,tlb-add=138
page-number=138,page-fault=1,frame-number=117,physical-address=479232
logical-address=569344,page-number=139,offset=0
tlb-hit=0,page-number=139,frame=none,physical-address=none
tlb-remove=107,tlb-add=139
page-number=139,page-fault=1,frame-number=118,physical-address=483328
logical-address=573440,page-number=140,offset=0
tlb-hit=0,page-number=140,frame=none,physical-address=none
tlb-remove=108,tlb-add=140
page-number=140,page-fault=1,frame-number=119,physical-address=487424
logical-address=577536,page-number=141,offset=0
tlb-hit=0,page-number=141,frame=none,physical-address=none
tlb-remove=109,tlb-add=141
page-number=141,page-fault=1,frame-number=120,physical-address=491520
logical-address=581632,page-number=142,offset=0
tlb-hit=0,page-number=142,frame=none,physical-address=none
tlb-remove=110,tlb-add=142
page-number=142,page-fault=1,frame-number=121,physical-address=495616
logical-address=585728,page-number=143,offset=0
tlb-hit=0,page-number=143,frame=none,physical-address=none
tlb-remove=111,tlb-add=143
page-number=143,page-fault=1,frame-number=122,physical-address=499712
logical-address=589824,page-number=144,offset=0
tlb-hit=0,page-number=144,frame=none,physical-address=none
tlb-remove=112,tlb-add=144
page-number=144,page-fault=1,frame-number=123,physical-address=503808
logical-address=593920,page-number=145,offset=0
tlb-hit=0,page-number=145,frame=none,physical-address=none
tlb-remove=113,tlb-add=145
page-number=145,page-fault=1,frame-number=124,physical-address=507904
logical-address=598016,page-number=146,offset=0
tlb-hit=0,page-number=146,frame=none,physical-address=none
tlb-remove=114,tlb-add=146
page-number=146,page-fault=1,frame-number=125,physical-address=512000
logical-address=602112,page-number=147,offset=0
tlb-hit=0,page-number=147,frame=none,physical-address=none
tlb-remove=115,tlb-add=147
page-number=147,page-fault=1,frame-number=126,physical-address=516096
logical-address=606208,page-number=148,offset=0
tlb-hit=0,page-number=148,frame=none,physical-address=none
tlb-remove=116,tlb-add=148
page-number=148,page-fault=1,frame-number=127,physical-address=520192
logical-address=610304,page-number=149,offset=0
tlb-hit=0,page-number=149,frame=none,physical-address=none
tlb-remove=117,tlb-add=149
page-number=149,page-fault=1,frame-number=128,physical-address=524288
logical-address=614400,page-number=150,offset=0
tlb-hit=0,page-number=150,frame=none,physical-address=none
tlb-remove=118,tlb-add=150
page-number=150,page-fault=1,frame-number=129,physical-address=528384
logical-address=618496,page-number=151,offset=0
tlb-hit=0,page-number=151,frame=none,physical-address=none
tlb-remove=119,tlb-add=151
page-number=151,page-fault=1,frame-number=130,physical-address=532480
logical-address=622592,page-number=152,offset=0
tlb-hit=0,page-number=152,frame=none,physical-address=none
tlb-remove=120,tlb-add=152
page-number=152,page-fault=1,frame-number=131,physical-address=536576
logical-address=626688,page-number=153,offset=0
tlb-hit=0,page-number=153,frame=none,physical-address=none
tlb-remove=121,tlb-add=153
page-number=153,page-fault=1,frame-number=132,physical-address=540672
logical-address=630784,page-number=154,offset=0
tlb-hit=0,page-number=154,frame=none,physical-address=none
tlb-remove=122,tlb-add=154
page-number=154,page-fault=1,frame-number=133,physical-address=544768
logical-address=634880,page-number=155,offset=0
tlb-hit=0,page-number=155,frame=none,physical-address=none
tlb-remove=123,tlb-add=155
page-number=155,page-fault=1,frame-number=134,physical-address=548864
logical-address=638976,page-number=156,offset=0
tlb-hit=0,page-number=156,frame=none,physical-address=none
tlb-remove=124,tlb-add=156
page-number=156,page-fault=1,frame-number=135,physical-address=552960
logical-address=643072,page-number=157,offset=0
tlb-hit=0,page-number=157,frame=none,physical-address=none
tlb-remove=125,tlb-add=157
page-number=157,page-fault=1,frame-number=136,physical-address=557056
logical-address=647168,page-number=158,offset=0
tlb-hit=0,page-number=158,frame=none,physical-address=none
tlb-remove=126,tlb-add=158
page-number=158,page-fault=1,frame-number=137,physical-address=561152
logical-address=651264,page-number=159,offset=0
tlb-hit=0,page-number=159,frame=none,physical-address=none
tlb-remove=127,tlb-add=159
page-number=159,page-fault=1,frame-number=138,physical-address=565248
logical-address=655360,page-number=160,offset=0
tlb-hit=0,page-number=160,frame=none,physical-address=none
tlb-remove=128,tlb-add=160
page-number=160,page-fault=1,frame-number=139,physical-address=569344
logical-address=659456,page-number=161,offset=0
tlb-hit=0,page-number=161,frame=none,physical-address=none
tlb-remove=129,tlb-add=161
page-number=161,page-fault=1,frame-number=140,physical-address=573440
logical-address=663552,page-number=162,offset=0
tlb-hit=0,page-number=162,frame=none,physical-address=none
tlb-remove=130,tlb-add=162
page-number=162,page-fault=1,frame-number=141,physical-address=577536
logical-address=667648,page-number=163,offset=0
tlb-hit=0,page-number=163,frame=none,physical-address=none
tlb-remove=131,tlb-add=163
page-number=163,page-fault=1,frame-number=142,physical-address=581632
logical-address=671744,page-number=164,offset=0
tlb-hit=0,page-number=164,frame=none,physical-address=none
tlb-remove=132,tlb-add=164
page-number=164,page-fault=1,frame-number=143,physical-address=585728
logical-address=675840,page-number=165,offset=0
tlb-hit=0,page-number=165,frame=none,physical-address=none
tlb-remove=133,tlb-add=165
page-number=165,page-fault=1,frame-number=144,physical-address=589824
logical-address=679936,page-number=166,offset=0
tlb-hit=0,page-number=166,frame=none,physical-address=none
tlb-remove=134,tlb-add=166
page-number=166,page-fault=1,frame-number=145,physical-address=593920
logical-address=684032,page-number=167,offset=0
tlb-hit=0,page-number=167,frame=none,physical-address=none
tlb-remove=135,tlb-add=167
page-number=167,page-fault=1,frame-number=146,physical-address=598016
logical-address=688128,page-number=168,offset=0
tlb-hit=0,page-number=168,frame=none,physical-address=none
tlb-remove=136,tlb-add=168
page-number=168,page-fault=1,frame-number=147,physical-address=602112
logical-address=692224,page-number=169,offset=0
tlb-hit=0,page-number=169,frame=none,physical-address=none
tlb-remove=137,tlb-add=169
page-number=169,page-fault=1,frame-number=148,physical-address=606208
logical-address=696320,page-number=170,offset=0
tlb-hit=0,page-number=170,frame=none,physical-address=none
tlb-remove=138,tlb-add=170
page-number=170,page-fault=1,frame-number=149,physical-address=610304
logical-address=700416,page-number=171,offset=0
tlb-hit=0,page-number=171,frame=none,physical-address=none
tlb-remove=139,tlb-add=171
page-number=171,page-fault=1,frame-number=150,physical-address=614400
logical-address=704512,page-number=172,offset=0
tlb-hit=0,page-number=172,frame=none,physical-address=none
tlb-remove=140,tlb-add=172
page-number=172,page-fault=1,frame-number=151,physical-address=618496
logical-address=708608,page-number=173,offset=0
tlb-hit=0,page-number=173,frame=none,physical-address=none
tlb-remove=141,tlb-add=173
page-number=173,page-fault=1,frame-number=152,physical-address=622592
logical-address=712704,page-number=174,offset=0
tlb-hit=0,page-number=174,frame=none,physical-address=none
tlb-remove=142,tlb-add=174
page-number=174,page-fault=1,frame-number=153,physical-address=626688
logical-address=716800,page-number=175,offset=0
tlb-hit=0,page-number=175,frame=none,physical-address=none
tlb-remove=143,tlb-add=175
page-number=175,page-fault=1,frame-number=154,physical-address=630784
logical-address=720896,page-number=176,offset=0
tlb-hit=0,page-number=176,frame=none,physical-address=none
tlb-remove=144,tlb-add=176
page-number=176,page-fault=1,frame-number=155,physical-address=634880
logical-address=724992,page-number=177,offset=0
tlb-hit=0,page-number=177,frame=none,physical-address=none
tlb-remove=145,tlb-add=177
page-number=177,page-fault=1,frame-number=156,physical-address=638976
logical-address=729088,page-number=178,offset=0
tlb-hit=0,page-number=178,frame=none,physical-address=none
tlb-remove=146,tlb-add=178
page-number=178,page-fault=1,frame-number=157,physical-address=643072
logical-address=733184,page-number=179,offset=0
tlb-hit=0,page-number=179,frame=none,physical-address=none
tlb-remove=147,tlb-add=179
page-number=179,page-fault=1,frame-number=158,physical-address=647168
logical-address=737280,page-number=180,offset=0
tlb-hit=0,page-number=180,frame=none,physical-address=none
tlb-remove=148,tlb-add=180
page-number=180,page-fault=1,frame-number=159,physical-address=651264
logical-address=741376,page-number=181,offset=0
tlb-hit=0,page-number=181,frame=none,physical-address=none
tlb-remove=149,tlb-add=181
page-number=181,page-fault=1,frame-number=160,physical-address=655360
logical-address=745472,page-number=182,offset=0
tlb-hit=0,page-number=182,frame=none,physical-address=none
tlb-remove=150,tlb-add=182
page-number=182,page-fault=1,frame-number=161,physical-address=659456
logical-address=749568,page-number=183,offset=0
tlb-hit=0,page-number=183,frame=none,physical-address=none
tlb-remove=151,tlb-add=183
page-number=183,page-fault=1,frame-number=162,physical-address=663552
logical-address=753664,page-number=184,offset=0
tlb-hit=0,page-number=184,frame=none,physical-address=none
tlb-remove=152,tlb-add=184
page-number=184,page-fault=1,frame-number=163,physical-address=667648
logical-address=757760,page-number=185,offset=0
tlb-hit=0,page-number=185,frame=none,physical-address=none
tlb-remove=153,tlb-add=185
page-number=185,page-fault=1,frame-number=164,physical-address=671744
logical-address=761856,page-number=186,offset=0
tlb-hit=0,page-number=186,frame=none,physical-address=none
tlb-remove=154,tlb-add=186
page-number=186,page-fault=1,frame-number=165,physical-address=675840
logical-address=765952,page-number=187,offset=0
tlb-hit=0,page-number=187,frame=none,physical-address=none
tlb-remove=155,tlb-add=187
page-number=187,page-fault=1,frame-number=166,physical-address=679936
logical-address=770048,page-number=188,offset=0
tlb-hit=0,page-number=188,frame=none,physical-address=none
tlb-remove=156,tlb-add=188
page-number=188,page-fault=1,frame-number=167,physical-address=684032
logical-address=774144,page-number=189,offset=0
tlb-hit=0,page-number=189,frame=none,physical-address=none
tlb-remove=157,tlb-add=189
page-number=189,page-fault=1,frame-number=168,physical-address=688128
logical-address=778240,page-number=190,offset=0
tlb-hit=0,page-number=190,frame=none,physical-address=none
tlb-remove=158,tlb-add=190
page-number=190,page-fault=1,frame-number=169,physical-address=692224
logical-address=782336,page-number=191,offset=0
tlb-hit=0,page-number=191,frame=none,physical-address=none
tlb-remove=159,tlb-add=191
page-number=191,page-fault=1,frame-number=170,physical-address=696320
logical-address=786432,page-number=192,offset=0
tlb-hit=0,page-number=192,frame=none,physical-address=none
tlb-remove=160,tlb-add=192
page-number=192,page-fault=1,frame-number=171,physical-address=700416
logical-address=790528,page-number=193,offset=0
tlb-hit=0,page-number=193,frame=none,physical-address=none
tlb-remove=161,tlb-add=193
page-number=193,page-fault=1,frame-number=172,physical-address=704512
logical-address=794624,page-number=194,offset=0
tlb-hit=0,page-number=194,frame=none,physical-address=none
tlb-remove=162,tlb-add=194
page-number=194,page-fault=1,frame-number=173,physical-address=708608
logical-address=798720,page-number=195,offset=0
tlb-hit=0,page-number=195,frame=none,physical-address=none
tlb-remove=163,tlb-add=195
page-number=195,page-fault=1,frame-number=174,physical-address=712704
logical-address=802816,page-number=196,offset=0
tlb-hit=0,page-number=196,frame=none,physical-address=none
tlb-remove=164,tlb-add=196
page-number=196,page-fault=1,frame-number=175,physical-address=716800
logical-address=806912,page-number=197,offset=0
tlb-hit=0,page-number=197,frame=none,physical-address=none
tlb-remove=165,tlb-add=197
page-number=197,page-fault=1,frame-number=176,physical-address=720896
logical-address=811008,page-number=198,offset=0
tlb-hit=0,page-number=198,frame=none,physical-address=none
tlb-remove=166,tlb-add=198
page-number=198,page-fault=1,frame-number=177,physical-address=724992
logical-address=815104,page-number=199,offset=0
tlb-hit=0,page-number=199,frame=none,physical-address=none
tlb-remove=167,tlb-add=199
page-number=199,page-fault=1,frame-number=178,physical-address=729088
logical-address=819200,page-number=200,offset=0
tlb-hit=0,page-number=200,frame=none,physical-address=none
tlb-remove=168,tlb-add=200
page-number=200,page-fault=1,frame-number=179,physical-address=733184
logical-address=823296,page-number=201,offset=0
tlb-hit=0,page-number=201,frame=none,physical-address=none
tlb-remove=169,tlb-add=201
page-number=201,page-fault=1,frame-number=180,physical-address=737280
logical-address=827392,page-number=202,offset=0
tlb-hit=0,page-number=202,frame=none,physical-address=none
tlb-remove=170,tlb-add=202
page-number=202,page-fault=1,frame-number=181,physical-address=741376
logical-address=831488,page-number=203,offset=0
tlb-hit=0,page-number=203,frame=none,physical-address=none
tlb-remove=171,tlb-add=203
page-number=203,page-fault=1,frame-number=182,physical-address=745472
logical-address=835584,page-number=204,offset=0
tlb-hit=0,page-number=204,frame=none,physical-address=none
tlb-remove=172,tlb-add=204
page-number=204,page-fault=1,frame-number=183,physical-address=749568
logical-address=839680,page-number=205,offset=0
tlb-hit=0,page-number=205,frame=none,physical-address=none
tlb-remove=173,tlb-add=205
page-number=205,page-fault=1,frame-number=184,physical-address=753664
logical-address=843776,page-number=206,offset=0
tlb-hit=0,page-number=206,frame=none,physical-address=none
tlb-remove=174,tlb-add=206
page-number=206,page-fault=1,frame-number=185,physical-address=757760
logical-address=847872,page-number=207,offset=0
tlb-hit=0,page-number=207,frame=none,physical-address=none
tlb-remove=175,tlb-add=207
page-number=207,page-fault=1,frame-number=186,physical-address=761856
logical-address=851968,page-number=208,offset=0
tlb-hit=0,page-number=208,frame=none,physical-address=none
tlb-remove=176,tlb-add=208
page-number=208,page-fault=1,frame-number=187,physical-address=765952
logical-address=856064,page-number=209,offset=0
tlb-hit=0,page-number=209,frame=none,physical-address=none
tlb-remove=177,tlb-add=209
page-number=209,page-fault=1,frame-number=188,physical-address=770048
logical-address=860160,page-number=210,offset=0
tlb-hit=0,page-number=210,frame=none,physical-address=none
tlb-remove=178,tlb-add=210
page-number=210,page-fault=1,frame-number=189,physical-address=774144
logical-address=864256,page-number=211,offset=0
tlb-hit=0,page-number=211,frame=none,physical-address=none
tlb-remove=179,tlb-add=211
page-number=211,page-fault=1,frame-number=190,physical-address=778240
logical-address=868352,page-number=212,offset=0
tlb-hit=0,page-number=212,frame=none,physical-address=none
tlb-remove=180,tlb-add=212
page-number=212,page-fault=1,frame-number=191,physical-address=782336
logical-address=872448,page-number=213,offset=0
tlb-hit=0,page-number=213,frame=none,physical-address=none
tlb-remove=181,tlb-add=213
page-number=213,page-fault=1,frame-number=192,physical-address=786432
logical-address=876544,page-number=214,offset=0
tlb-hit=0,page-number=214,frame=none,physical-address=none
tlb-remove=182,tlb-add=214
page-number=214,page-fault=1,frame-number=193,physical-address=790528
logical-address=880640,page-number=215,offset=0
tlb-hit=0,page-number=215,frame=none,physical-address=none
tlb-remove=183,tlb-add=215
page-number=215,page-fault=1,frame-number=194,physical-address=794624
logical-address=884736,page-number=216,offset=0
tlb-hit=0,page-number=216,frame=none,physical-address=none
tlb-remove=184,tlb-add=216
page-number=216,page-fault=1,frame-number=195,physical-address=798720
logical-address=888832,page-number=217,offset=0
tlb-hit=0,page-number=217,frame=none,physical-address=none
tlb-remove=185,tlb-add=217
page-number=217,page-fault=1,frame-number=196,physical-address=802816
logical-address=892928,page-number=218,offset=0
tlb-hit=0,page-number=218,frame=none,physical-address=none
tlb-remove=186,tlb-add=218
page-number=218,page-fault=1,frame-number=197,physical-address=806912
logical-address=897024,page-number=219,offset=0
tlb-hit=0,page-number=219,frame=none,physical-address=none
tlb-remove=187,tlb-add=219
page-number=219,page-fault=1,frame-number=198,physical-address=811008
logical-address=901120,page-number=220,offset=0
tlb-hit=0,page-number=220,frame=none,physical-address=none
tlb-remove=188,tlb-add=220
page-number=220,page-fault=1,frame-number=199,physical-address=815104
logical-address=905216,page-number=221,offset=0
tlb-hit=0,page-number=221,frame=none,physical-address=none
tlb-remove=189,tlb-add=221
page-number=221,page-fault=1,frame-number=200,physical-address=819200
logical-address=909312,page-number=222,offset=0
tlb-hit=0,page-number=222,frame=none,physical-address=none
tlb-remove=190,tlb-add=222
page-number=222,page-fault=1,frame-number=201,physical-address=823296
logical-address=913408,page-number=223,offset=0
tlb-hit=0,page-number=223,frame=none,physical-address=none
tlb-remove=191,tlb-add=223
page-number=223,page-fault=1,frame-number=202,physical-address=827392
logical-address=917504,page-number=224,offset=0
tlb-hit=0,page-number=224,frame=none,physical-address=none
tlb-remove=192,tlb-add=224
page-number=224,page-fault=1,frame-number=203,physical-address=831488
logical-address=921600,page-number=225,offset=0
tlb-hit=0,page-number=225,frame=none,physical-address=none
tlb-remove=193,tlb-add=225
page-number=225,page-fault=1,frame-number=204,physical-address=835584
logical-address=925696,page-number=226,offset=0
tlb-hit=0,page-number=226,frame=none,physical-address=none
tlb-remove=194,tlb-add=226
page-number=226,page-fault=1,frame-number=205,physical-address=839680
logical-address=929792,page-number=227,offset=0
tlb-hit=0,page-number=227,frame=none,physical-address=none
tlb-remove=195,tlb-add=227
page-number=227,page-fault=1,frame-number=206,physical-address=843776
logical-address=933888,page-number=228,offset=0
tlb-hit=0,page-number=228,frame=none,physical-address=none
tlb-remove=196,tlb-add=228
page-number=228,page-fault=1,frame-number=207,physical-address=847872
logical-address=937984,page-number=229,offset=0
tlb-hit=0,page-number=229,frame=none,physical-address=none
tlb-remove=197,tlb-add=229
page-number=229,page-fault=1,frame-number=208,physical-address=851968
logical-address=942080,page-number=230,offset=0
tlb-hit=0,page-number=230,frame=none,physical-address=none
tlb-remove=198,tlb-add=230
page-number=230,page-fault=1,frame-number=209,physical-address=856064
logical-address=946176,page-number=231,offset=0
tlb-hit=0,page-number=231,frame=none,physical-address=none
tlb-remove=199,tlb-add=231
page-number=231,page-fault=1,frame-number=210,physical-address=860160
logical-address=950272,page-number=232,offset=0
tlb-hit=0,page-number=232,frame=none,physical-address=none
tlb-remove=200,tlb-add=232
page-number=232,page-fault=1,frame-number=211,physical-address=864256
logical-address=954368,page-number=233,offset=0
tlb-hit=0,page-number=233,frame=none,physical-address=none
tlb-remove=201,tlb-add=233
page-number=233,page-fault=1,frame-number=212,physical-address=868352
logical-address=958464,page-number=234,offset=0
tlb-hit=0,page-number=234,frame=none,physical-address=none
tlb-remove=202,tlb-add=234
page-number=234,page-fault=1,frame-number=213,physical-address=872448
logical-address=962560,page-number=235,offset=0
tlb-hit=0,page-number=235,frame=none,physical-address=none
tlb-remove=203,tlb-add=235
page-number=235,page-fault=1,frame-number=214,physical-address=876544
logical-address=966656,page-number=236,offset=0
tlb-hit=0,page-number=236,frame=none,physical-address=none
tlb-remove=204,tlb-add=236
page-number=236,page-fault=1,frame-number=215,physical-address=880640
logical-address=970752,page-number=237,offset=0
tlb-hit=0,page-number=237,frame=none,physical-address=none
tlb-remove=205,tlb-add=237
page-number=237,page-fault=1,frame-number=216,physical-address=884736
logical-address=974848,page-number=238,offset=0
tlb-hit=0,page-number=238,frame=none,physical-address=none
tlb-remove=206,tlb-add=238
page-number=238,page-fault=1,frame-number=217,physical-address=888832
logical-address=978944,page-number=239,offset=0
tlb-hit=0,page-number=239,frame=none,physical-address=none
tlb-remove=207,tlb-add=239
page-number=239,page-fault=1,frame-number=218,physical-address=892928
logical-address=983040,page-number=240,offset=0
tlb-hit=0,page-number=240,frame=none,physical-address=none
tlb-remove=208,tlb-add=240
page-number=240,page-fault=1,frame-number=219,physical-address=897024
logical-address=987136,page-number=241,offset=0
tlb-hit=0,page-number=241,frame=none,physical-address=none
tlb-remove=209,tlb-add=241
page-number=241,page-fault=1,frame-number=220,physical-address=901120
logical-address=991232,page-number=242,offset=0
tlb-hit=0,page-number=242,frame=none,physical-address=none
tlb-remove=210,tlb-add=242
page-number=242,page-fault=1,frame-number=221,physical-address=905216
logical-address=995328,page-number=243,offset=0
tlb-hit=0,page-number=243,frame=none,physical-address=none
tlb-remove=211,tlb-add=243
page-number=243,page-fault=1,frame-number=222,physical-address=909312
logical-address=999424,page-number=244,offset=0
tlb-hit=0,page-number=244,frame=none,physical-address=none
tlb-remove=212,tlb-add=244
page-number=244,page-fault=1,frame-number=223,physical-address=913408
logical-address=1003520,page-number=245,offset=0
tlb-hit=0,page-number=245,frame=none,physical-address=none
tlb-remove=213,tlb-add=245
page-number=245,page-fault=1,frame-number=224,physical-address=917504
logical-address=1007616,page-number=246,offset=0
tlb-hit=0,page-number=246,frame=none,physical-address=none
tlb-remove=214,tlb-add=246
page-number=246,page-fault=1,frame-number=225,physical-address=921600
logical-address=1011712,page-number=247,offset=0
tlb-hit=0,page-number=247,frame=none,physical-address=none
tlb-remove=215,tlb-add=247
page-number=247,page-fault=1,frame-number=226,physical-address=925696
logical-address=1015808,page-number=248,offset=0
tlb-hit=0,page-number=248,frame=none,physical-address=none
tlb-remove=216,tlb-add=248
page-number=248,page-fault=1,frame-number=227,physical-address=929792
logical-address=1019904,page-number=249,offset=0
tlb-hit=0,page-number=249,frame=none,physical-address=none
tlb-remove=217,tlb-add=249
page-number=249,page-fault=1,frame-number=228,physical-address=933888
logical-address=1024000,page-number=250,offset=0
tlb-hit=0,page-number=250,frame=none,physical-address=none
tlb-remove=218,tlb-add=250
page-number=250,page-fault=1,frame-number=229,physical-address=937984
logical-address=1028096,page-number=251,offset=0
tlb-hit=0,page-number=251,frame=none,physical-address=none
tlb-remove=219,tlb-add=251
page-number=251,page-fault=1,frame-number=230,physical-address=942080
logical-address=1032192,page-number=252,offset=0
tlb-hit=0,page-number=252,frame=none,physical-address=none
tlb-remove=220,tlb-add=252
page-number=252,page-fault=1,frame-number=231,physical-address=946176
logical-address=1036288,page-number=253,offset=0
tlb-hit=0,page-number=253,frame=none,physical-address=none
tlb-remove=221,tlb-add=253
page-number=253,page-fault=1,frame-number=232,physical-address=950272
logical-address=1040384,page-number=254,offset=0
tlb-hit=0,page-number=254,frame=none,physical-address=none
tlb-remove=222,tlb-add=254
page-number=254,page-fault=1,frame-number=233,physical-address=954368
logical-address=1044480,page-number=255,offset=0
tlb-hit=0,page-number=255,frame=none,physical-address=none
tlb-remove=223,tlb-add=255
page-number=255,page-fault=1,frame-number=234,physical-address=958464
logical-address=1048576,page-number=256,offset=0
tlb-hit=0,page-number=256,frame=none,physical-address=none
tlb-remove=224,tlb-add=256
page-number=256,page-fault=1,frame-number=235,physical-address=962560
logical-address=1052672,page-number=257,offset=0
tlb-hit=0,page-number=257,frame=none,physical-address=none
tlb-remove=225,tlb-add=257
page-number=257,page-fault=1,frame-number=236,physical-address=966656
logical-address=1056768,page-number=258,offset=0
tlb-hit=0,page-number=258,frame=none,physical-address=none
tlb-remove=226,tlb-add=258
page-number=258,page-fault=1,frame-number=237,physical-address=970752
logical-address=1060864,page-number=259,offset=0
tlb-hit=0,page-number=259,frame=none,physical-address=none
tlb-remove=227,tlb-add=259
page-number=259,page-fault=1,frame-number=238,physical-address=974848
logical-address=1064960,page-number=260,offset=0
tlb-hit=0,page-number=260,frame=none,physical-address=none
tlb-remove=228,tlb-add=260
page-number=260,page-fault=1,frame-number=239,physical-address=978944
logical-address=1069056,page-number=261,offset=0
tlb-hit=0,page-number=261,frame=none,physical-address=none
tlb-remove=229,tlb-add=261
page-number=261,page-fault=1,frame-number=240,physical-address=983040
logical-address=1073152,page-number=262,offset=0
tlb-hit=0,page-number=262,frame=none,physical-address=none
tlb-remove=230,tlb-add=262
page-number=262,page-fault=1,frame-number=241,physical-address=987136
logical-address=1077248,page-number=263,offset=0
tlb-hit=0,page-number=263,frame=none,physical-address=none
tlb-remove=231,tlb-add=263
page-number=263,page-fault=1,frame-number=242,physical-address=991232
logical-address=1081344,page-number=264,offset=0
tlb-hit=0,page-number=264,frame=none,physical-address=none
tlb-remove=232,tlb-add=264
page-number=264,page-fault=1,frame-number=243,physical-address=995328
logical-address=1085440,page-number=265,offset=0
tlb-hit=0,page-number=265,frame=none,physical-address=none
tlb-remove=233,tlb-add=265
page-number=265,page-fault=1,frame-number=244,physical-address=999424
logical-address=1089536,page-number=266,offset=0
tlb-hit=0,page-number=266,frame=none,physical-address=none
tlb-remove=234,tlb-add=266
page-number=266,page-fault=1,frame-number=245,physical-address=1003520
logical-address=1093632,page-number=267,offset=0
tlb-hit=0,page-number=267,frame=none,physical-address=none
tlb-remove=235,tlb-add=267
page-number=267,page-fault=1,frame-number=246,physical-address=1007616
logical-address=1097728,page-number=268,offset=0
tlb-hit=0,page-number=268,frame=none,physical-address=none
tlb-remove=236,tlb-add=268
page-number=268,page-fault=1,frame-number=247,physical-address=1011712
logical-address=1101824,page-number=269,offset=0
tlb-hit=0,page-number=269,frame=none,physical-address=none
tlb-remove=237,tlb-add=269
page-number=269,page-fault=1,frame-number=248,physical-address=1015808
logical-address=1105920,page-number=270,offset=0
tlb-hit=0,page-number=270,frame=none,physical-address=none
tlb-remove=238,tlb-add=270
page-number=270,page-fault=1,frame-number=249,physical-address=1019904
logical-address=1110016,page-number=271,offset=0
tlb-hit=0,page-number=271,frame=none,physical-address=none
tlb-remove=239,tlb-add=271
page-number=271,page-fault=1,frame-number=250,physical-address=1024000
logical-address=1114112,page-number=272,offset=0
tlb-hit=0,page-number=272,frame=none,physical-address=none
tlb-remove=240,tlb-add=272
page-number=272,page-fault=1,frame-number=251,physical-address=1028096
logical-address=1118208,page-number=273,offset=0
tlb-hit=0,page-number=273,frame=none,physical-address=none
tlb-remove=241,tlb-add=273
page-number=273,page-fault=1,frame-number=252,physical-address=1032192
logical-address=1122304,page-number=274,offset=0
tlb-hit=0,page-number=274,frame=none,physical-address=none
tlb-remove=242,tlb-add=274
page-number=274,page-fault=1,frame-number=253,physical-address=1036288
logical-address=1126400,page-number=275,offset=0
tlb-hit=0,page-number=275,frame=none,physical-address=none
tlb-remove=243,tlb-add=275
page-number=275,page-fault=1,frame-number=254,physical-address=1040384
logical-address=1130496,page-number=276,offset=0
tlb-hit=0,page-number=276,frame=none,physical-address=none
tlb-remove=244,tlb-add=276
page-number=276,page-fault=1,frame-number=255,physical-address=1044480
logical-address=30023,page-number=7,offset=1351
tlb-hit=0,page-number=7,frame=none,physical-address=none
tlb-remove=245,tlb-add=7
page-number=7,page-fault=0,frame-number=0,physical-address=1351
logical-address=90048,page-number=21,offset=4032
tlb-hit=0,page-number=21,frame=none,physical-address=none
evicted-page=7,freed-frame=0
tlb-flush=7,tlb-size=31
tlb-remove=none,tlb-add=21
page-number=21,page-fault=1,frame-number=0,physical-address=4032
