logical-address=122389133,page-number=184,offset=653
tlb-hit=0,page-number=184,frame=none,physical-address=none
tlb-remove=none,tlb-add=184
page-number=184,page-fault=1,frame-number=0,physical-address=653
logical-address=1396155564,page-number=890,offset=1196
tlb-hit=0,page-number=890,frame=none,physical-address=none
tlb-remove=none,tlb-add=890
page-number=890,page-fault=1,frame-number=1,physical-address=5292
logical-address=1593448141,page-number=929,offset=1741
tlb-hit=0,page-number=929,frame=none,physical-address=none
tlb-remove=none,tlb-add=929
page-number=929,page-fault=1,frame-number=2,physical-address=9933
logical-address=102701734,page-number=497,offset=2726
tlb-hit=0,page-number=497,frame=none,physical-address=none
tlb-remove=none,tlb-add=497
page-number=497,page-fault=1,frame-number=3,physical-address=15014
logical-address=1539692544,page-number=93,offset=2048
tlb-hit=0,page-number=93,frame=none,physical-address=none
tlb-remove=none,tlb-add=93
page-number=93,page-fault=1,frame-number=4,physical-address=18432
logical-address=2134591008,page-number=948,offset=1568
tlb-hit=0,page-number=948,frame=none,physical-address=none
tlb-remove=none,tlb-add=948
page-number=948,page-fault=1,frame-number=5,physical-address=22048
logical-address=269994311,page-number=380,offset=2375
tlb-hit=0,page-number=380,frame=none,physical-address=none
tlb-remove=none,tlb-add=380
page-number=380,page-fault=1,frame-number=6,physical-address=26951
logical-address=1606965362,page-number=133,offset=2162
tlb-hit=0,page-number=133,frame=none,physical-address=none
tlb-remove=none,tlb-add=133
page-number=133,page-fault=1,frame-number=7,physical-address=30834
logical-address=372905084,page-number=929,offset=1148
tlb-hit=1,page-number=929,frame=2,physical-address=9340
logical-address=246338788,page-number=749,offset=1252
tlb-hit=0,page-number=749,frame=none,physical-address=none
tlb-remove=none,tlb-add=749
page-number=749,page-fault=1,frame-number=8,physical-address=34020
logical-address=2048219811,page-number=341,offset=2723
tlb-hit=0,page-number=341,frame=none,physical-address=none
tlb-remove=none,tlb-add=341
page-number=341,page-fault=1,frame-number=9,physical-address=39587
logical-address=1240088640,page-number=676,offset=64
tlb-hit=0,page-number=676,frame=none,physical-address=none
tlb-remove=none,tlb-add=676
page-number=676,page-fault=1,frame-number=10,physical-address=41024
logical-address=416057240,page-number=200,offset=1944
tlb-hit=0,page-number=200,frame=none,physical-address=none
tlb-remove=none,tlb-add=200
page-number=200,page-fault=1,frame-number=11,physical-address=47000
logical-address=739868815,page-number=408,offset=143
tlb-hit=0,page-number=408,frame=none,physical-address=none
tlb-remove=none,tlb-add=408
page-number=408,page-fault=1,frame-number=12,physical-address=49295
logical-address=716426020,page-number=828,offset=2852
tlb-hit=0,page-number=828,frame=none,physical-address=none
tlb-remove=none,tlb-add=828
page-number=828,page-fault=1,frame-number=13,physical-address=56100
logical-address=1236816994,page-number=901,offset=1122
tlb-hit=0,page-number=901,frame=none,physical-address=none
tlb-remove=none,tlb-add=901
page-number=901,page-fault=1,frame-number=14,physical-address=58466
logical-address=233758601,page-number=749,offset=3977
tlb-hit=1,page-number=749,frame=8,physical-address=36745
logical-address=735427958,page-number=347,offset=3446
tlb-hit=0,page-number=347,frame=none,physical-address=none
tlb-remove=none,tlb-add=347
page-number=347,page-fault=1,frame-number=15,physical-address=64886
logical-address=409745020,page-number=707,offset=1660
tlb-hit=0,page-number=707,frame=none,physical-address=none
tlb-remove=none,tlb-add=707
page-number=707,page-fault=1,frame-number=16,physical-address=67196
logical-address=977302375,page-number=7,offset=871
tlb-hit=0,page-number=7,frame=none,physical-address=none
tlb-remove=none,tlb-add=7
page-number=7,page-fault=1,frame-number=17,physical-address=70503
logical-address=401356335,page-number=707,offset=1583
tlb-hit=1,page-number=707,frame=16,physical-address=67119
logical-address=1922415288,page-number=347,offset=2744
tlb-hit=1,page-number=347,frame=15,physical-address=64184
logical-address=440430618,page-number=7,offset=26
tlb-hit=1,page-number=7,frame=17,physical-address=69658
logical-address=617623400,page-number=258,offset=3944
tlb-hit=0,page-number=258,frame=none,physical-address=none
tlb-remove=none,tlb-add=258
page-number=258,page-fault=1,frame-number=18,physical-address=77672
logical-address=1740128044,page-number=899,offset=3884
tlb-hit=0,page-number=899,frame=none,physical-address=none
tlb-remove=none,tlb-add=899
page-number=899,page-fault=1,frame-number=19,physical-address=81708
logical-address=773425480,page-number=408,offset=2376
tlb-hit=1,page-number=408,frame=12,physical-address=51528
logical-address=1400453798,page-number=915,offset=2726
tlb-hit=0,page-number=915,frame=none,physical-address=none
tlb-remove=none,tlb-add=915
page-number=915,page-fault=1,frame-number=20,physical-address=84646
logical-address=1258148222,page-number=989,offset=382
tlb-hit=0,page-number=989,frame=none,physical-address=none
tlb-remove=none,tlb-add=989
page-number=989,page-fault=1,frame-number=21,physical-address=86398
logical-address=1577002595,page-number=1010,offset=1635
tlb-hit=0,page-number=1010,frame=none,physical-address=none
tlb-remove=none,tlb-add=1010
page-number=1010,page-fault=1,frame-number=22,physical-address=91747
logical-address=1446727596,page-number=948,offset=4012
tlb-hit=1,page-number=948,frame=5,physical-address=24492
logical-address=1599674054,page-number=401,offset=1734
tlb-hit=0,page-number=401,frame=none,physical-address=none
tlb-remove=none,tlb-add=401
page-number=401,page-fault=1,frame-number=23,physical-address=95942
logical-address=298357670,page-number=137,offset=934
tlb-hit=0,page-number=137,frame=none,physical-address=none
tlb-remove=none,tlb-add=137
page-number=137,page-fault=1,frame-number=24,physical-address=99238
logical-address=1416793319,page-number=808,offset=3303
tlb-hit=0,page-number=808,frame=none,physical-address=none
tlb-remove=none,tlb-add=808
page-number=808,page-fault=1,frame-number=25,physical-address=105703
logical-address=881838411,page-number=252,offset=2379
tlb-hit=0,page-number=252,frame=none,physical-address=none
tlb-remove=none,tlb-add=252
page-number=252,page-fault=1,frame-number=26,physical-address=108875
logical-address=779639247,page-number=901,offset=2511
tlb-hit=1,page-number=901,frame=14,physical-address=59855
logical-address=133706679,page-number=899,offset=951
tlb-hit=1,page-number=899,frame=19,physical-address=78775
logical-address=214970034,page-number=258,offset=3762
tlb-hit=1,page-number=258,frame=18,physical-address=77490
logical-address=585504839,page-number=609,offset=2119
tlb-hit=0,page-number=609,frame=none,physical-address=none
tlb-remove=none,tlb-add=609
page-number=609,page-fault=1,frame-number=27,physical-address=112711
logical-address=184047826,page-number=901,offset=2258
tlb-hit=1,page-number=901,frame=14,physical-address=59602
logical-address=861478014,page-number=401,offset=3198
tlb-hit=1,page-number=401,frame=23,physical-address=97406
logical-address=1948076795,page-number=468,offset=2811
tlb-hit=0,page-number=468,frame=none,physical-address=none
tlb-remove=none,tlb-add=468
page-number=468,page-fault=1,frame-number=28,physical-address=117499
logical-address=1772259316,page-number=552,offset=2036
tlb-hit=0,page-number=552,frame=none,physical-address=none
tlb-remove=none,tlb-add=552
page-number=552,page-fault=1,frame-number=29,physical-address=120820
logical-address=1990996062,page-number=707,offset=94
tlb-hit=1,page-number=707,frame=16,physical-address=65630
logical-address=1716776822,page-number=318,offset=3958
tlb-hit=0,page-number=318,frame=none,physical-address=none
tlb-remove=none,tlb-add=318
page-number=318,page-fault=1,frame-number=30,physical-address=126838
logical-address=527359649,page-number=749,offset=3745
tlb-hit=1,page-number=749,frame=8,physical-address=36513
logical-address=1991848720,page-number=915,offset=784
tlb-hit=1,page-number=915,frame=20,physical-address=82704
logical-address=324321481,page-number=332,offset=201
tlb-hit=0,page-number=332,frame=none,physical-address=none
tlb-remove=none,tlb-add=332
page-number=332,page-fault=1,frame-number=31,physical-address=127177
logical-address=893078755,page-number=948,offset=3299
tlb-hit=1,page-number=948,frame=5,physical-address=23779
logical-address=514351366,page-number=646,offset=262
tlb-hit=0,page-number=646,frame=none,physical-address=none
tlb-remove=184,tlb-add=646
page-number=646,page-fault=1,frame-number=32,physical-address=131334
logical-address=1139154299,page-number=609,offset=3451
tlb-hit=1,page-number=609,frame=27,physical-address=114043
logical-address=1613510596,page-number=707,offset=1988
tlb-hit=1,page-number=707,frame=16,physical-address=67524
logical-address=908415733,page-number=597,offset=757
tlb-hit=0,page-number=597,frame=none,physical-address=none
tlb-remove=890,tlb-add=597
page-number=597,page-fault=1,frame-number=33,physical-address=135925
logical-address=859328896,page-number=901,offset=384
tlb-hit=1,page-number=901,frame=14,physical-address=57728
logical-address=791298437,page-number=676,offset=389
tlb-hit=1,page-number=676,frame=10,physical-address=41349
logical-address=80725626,page-number=252,offset=1658
tlb-hit=1,page-number=252,frame=26,physical-address=108154
logical-address=2004376731,page-number=901,offset=3227
tlb-hit=1,page-number=901,frame=14,physical-address=60571
logical-address=2133155787,page-number=597,offset=4043
tlb-hit=1,page-number=597,frame=33,physical-address=139211
logical-address=741846140,page-number=890,offset=3196
tlb-hit=0,page-number=890,frame=none,physical-address=none
tlb-remove=497,tlb-add=890
page-number=890,page-fault=0,frame-number=1,physical-address=7292
logical-address=1895515316,page-number=948,offset=1204
tlb-hit=1,page-number=948,frame=5,physical-address=21684
logical-address=1980745452,page-number=252,offset=1772
tlb-hit=1,page-number=252,frame=26,physical-address=108268
logical-address=135864083,page-number=401,offset=3859
tlb-hit=1,page-number=401,frame=23,physical-address=98067
logical-address=2089517993,page-number=184,offset=937
tlb-hit=0,page-number=184,frame=none,physical-address=none
tlb-remove=93,tlb-add=184
page-number=184,page-fault=0,frame-number=0,physical-address=937
logical-address=580733918,page-number=468,offset=3038
tlb-hit=1,page-number=468,frame=28,physical-address=117726
logical-address=1228311784,page-number=872,offset=3304
tlb-hit=0,page-number=872,frame=none,physical-address=none
tlb-remove=380,tlb-add=872
page-number=872,page-fault=1,frame-number=34,physical-address=142568
logical-address=1669715858,page-number=93,offset=1938
tlb-hit=0,page-number=93,frame=none,physical-address=none
tlb-remove=133,tlb-add=93
page-number=93,page-fault=0,frame-number=4,physical-address=18322
logical-address=558226887,page-number=93,offset=3527
tlb-hit=1,page-number=93,frame=4,physical-address=19911
logical-address=747406734,page-number=200,offset=1422
tlb-hit=1,page-number=200,frame=11,physical-address=46478
logical-address=1529794980,page-number=749,offset=420
tlb-hit=1,page-number=749,frame=8,physical-address=33188
logical-address=306128418,page-number=1010,offset=1570
tlb-hit=1,page-number=1010,frame=22,physical-address=91682
logical-address=1142211934,page-number=332,offset=1374
tlb-hit=1,page-number=332,frame=31,physical-address=128350
logical-address=777309682,page-number=332,offset=3570
tlb-hit=1,page-number=332,frame=31,physical-address=130546
logical-address=702008468,page-number=380,offset=3220
tlb-hit=0,page-number=380,frame=none,physical-address=none
tlb-remove=929,tlb-add=380
page-number=380,page-fault=0,frame-number=6,physical-address=27796
logical-address=2022712547,page-number=258,offset=1251
tlb-hit=1,page-number=258,frame=18,physical-address=74979
logical-address=158502441,page-number=808,offset=3625
tlb-hit=1,page-number=808,frame=25,physical-address=106025
logical-address=1754191986,page-number=237,offset=2162
tlb-hit=0,page-number=237,frame=none,physical-address=none
tlb-remove=341,tlb-add=237
page-number=237,page-fault=1,frame-number=35,physical-address=145522
logical-address=759199787,page-number=7,offset=2091
tlb-hit=1,page-number=7,frame=17,physical-address=71723
logical-address=27661230,page-number=609,offset=942
tlb-hit=1,page-number=609,frame=27,physical-address=111534
logical-address=260804479,page-number=184,offset=3967
tlb-hit=1,page-number=184,frame=0,physical-address=3967
logical-address=853361115,page-number=468,offset=475
tlb-hit=1,page-number=468,frame=28,physical-address=115163
logical-address=216172268,page-number=552,offset=1772
tlb-hit=1,page-number=552,frame=29,physical-address=120556
logical-address=209130039,page-number=881,offset=567
tlb-hit=0,page-number=881,frame=none,physical-address=none
tlb-remove=828,tlb-add=881
page-number=881,page-fault=1,frame-number=36,physical-address=148023
logical-address=1357255461,page-number=609,offset=805
tlb-hit=1,page-number=609,frame=27,physical-address=111397
logical-address=1157572461,page-number=1010,offset=1901
tlb-hit=1,page-number=1010,frame=22,physical-address=92013
logical-address=264623808,page-number=93,offset=1728
tlb-hit=1,page-number=93,frame=4,physical-address=18112
logical-address=356461871,page-number=1010,offset=3375
tlb-hit=1,page-number=1010,frame=22,physical-address=93487
logical-address=1310268342,page-number=401,offset=2998
tlb-hit=1,page-number=401,frame=23,physical-address=97206
logical-address=1282945828,page-number=899,offset=804
tlb-hit=1,page-number=899,frame=19,physical-address=78628
logical-address=1931026245,page-number=401,offset=3909
tlb-hit=1,page-number=401,frame=23,physical-address=98117
logical-address=903081864,page-number=318,offset=3976
tlb-hit=1,page-number=318,frame=30,physical-address=126856
logical-address=872272403,page-number=989,offset=531
tlb-hit=1,page-number=989,frame=21,physical-address=86547
logical-address=1089575199,page-number=793,offset=2335
tlb-hit=0,page-number=793,frame=none,physical-address=none
tlb-remove=347,tlb-add=793
page-number=793,page-fault=1,frame-number=37,physical-address=153887
logical-address=338614597,page-number=749,offset=2373
tlb-hit=1,page-number=749,frame=8,physical-address=35141
logical-address=2079753216,page-number=872,offset=1024
tlb-hit=1,page-number=872,frame=34,physical-address=140288
logical-address=1789269149,page-number=609,offset=1181
tlb-hit=1,page-number=609,frame=27,physical-address=111773
logical-address=1972357812,page-number=252,offset=2740
tlb-hit=1,page-number=252,frame=26,physical-address=109236
logical-address=15894785,page-number=808,offset=2305
tlb-hit=1,page-number=808,frame=25,physical-address=104705
logical-address=1583289494,page-number=497,offset=1174
tlb-hit=0,page-number=497,frame=none,physical-address=none
tlb-remove=408,tlb-add=497
page-number=497,page-fault=0,frame-number=3,physical-address=13462
logical-address=842470210,page-number=881,offset=834
tlb-hit=1,page-number=881,frame=36,physical-address=148290
logical-address=1882798713,page-number=915,offset=2681
tlb-hit=1,page-number=915,frame=20,physical-address=84601
logical-address=724316845,page-number=707,offset=685
tlb-hit=1,page-number=707,frame=16,physical-address=66221
logical-address=735562444,page-number=380,offset=2764
tlb-hit=1,page-number=380,frame=6,physical-address=27340
logical-address=1940537833,page-number=676,offset=489
tlb-hit=1,page-number=676,frame=10,physical-address=41449
logical-address=706003392,page-number=332,offset=448
tlb-hit=1,page-number=332,frame=31,physical-address=127424
logical-address=1510140655,page-number=46,offset=2799
tlb-hit=0,page-number=46,frame=none,physical-address=none
tlb-remove=137,tlb-add=46
page-number=46,page-fault=1,frame-number=38,physical-address=158447
logical-address=1381964786,page-number=497,offset=3058
tlb-hit=1,page-number=497,frame=3,physical-address=15346
logical-address=2051771991,page-number=184,offset=3671
tlb-hit=1,page-number=184,frame=0,physical-address=3671
logical-address=1845182544,page-number=948,offset=80
tlb-hit=1,page-number=948,frame=5,physical-address=20560
logical-address=706285842,page-number=401,offset=274
tlb-hit=1,page-number=401,frame=23,physical-address=94482
logical-address=1480087904,page-number=901,offset=2400
tlb-hit=1,page-number=901,frame=14,physical-address=59744
logical-address=1921814236,page-number=200,offset=3804
tlb-hit=1,page-number=200,frame=11,physical-address=48860
logical-address=49748226,page-number=881,offset=2306
tlb-hit=1,page-number=881,frame=36,physical-address=149762
logical-address=2087017365,page-number=597,offset=2965
tlb-hit=1,page-number=597,frame=33,physical-address=138133
logical-address=1201606905,page-number=497,offset=249
tlb-hit=1,page-number=497,frame=3,physical-address=12537
logical-address=1724831511,page-number=237,offset=1815
tlb-hit=1,page-number=237,frame=35,physical-address=145175
logical-address=103109351,page-number=597,offset=743
tlb-hit=1,page-number=597,frame=33,physical-address=135911
logical-address=1549734620,page-number=497,offset=732
tlb-hit=1,page-number=497,frame=3,physical-address=13020
logical-address=1782437646,page-number=989,offset=1806
tlb-hit=1,page-number=989,frame=21,physical-address=87822
logical-address=1574782760,page-number=468,offset=1832
tlb-hit=1,page-number=468,frame=28,physical-address=116520
logical-address=1473233600,page-number=252,offset=704
tlb-hit=1,page-number=252,frame=26,physical-address=107200
logical-address=93333192,page-number=258,offset=1736
tlb-hit=1,page-number=258,frame=18,physical-address=75464
logical-address=520913642,page-number=200,offset=746
tlb-hit=1,page-number=200,frame=11,physical-address=45802
logical-address=1736823174,page-number=93,offset=390
tlb-hit=1,page-number=93,frame=4,physical-address=16774
logical-address=1580452396,page-number=828,offset=2604
tlb-hit=0,page-number=828,frame=none,physical-address=none
tlb-remove=646,tlb-add=828
page-number=828,page-fault=0,frame-number=13,physical-address=55852
logical-address=1725162946,page-number=318,offset=1474
tlb-hit=1,page-number=318,frame=30,physical-address=124354
logical-address=428878149,page-number=258,offset=2373
tlb-hit=1,page-number=258,frame=18,physical-address=76101
logical-address=1056520131,page-number=915,offset=1987
tlb-hit=1,page-number=915,frame=20,physical-address=83907
logical-address=401244435,page-number=680,offset=275
tlb-hit=0,page-number=680,frame=none,physical-address=none
tlb-remove=890,tlb-add=680
page-number=680,page-fault=1,frame-number=39,physical-address=160019
logical-address=1487711272,page-number=714,offset=3112
tlb-hit=0,page-number=714,frame=none,physical-address=none
tlb-remove=7,tlb-add=714
page-number=714,page-fault=1,frame-number=40,physical-address=166952
logical-address=1192739305,page-number=380,offset=489
tlb-hit=1,page-number=380,frame=6,physical-address=25065
logical-address=1815748593,page-number=929,offset=4081
tlb-hit=0,page-number=929,frame=none,physical-address=none
tlb-remove=552,tlb-add=929
page-number=929,page-fault=0,frame-number=2,physical-address=12273
logical-address=1580751486,page-number=901,offset=2686
tlb-hit=1,page-number=901,frame=14,physical-address=60030
logical-address=576539447,page-number=468,offset=2871
tlb-hit=1,page-number=468,frame=28,physical-address=117559
logical-address=502191939,page-number=749,offset=1859
tlb-hit=1,page-number=749,frame=8,physical-address=34627
logical-address=1337481924,page-number=901,offset=2756
tlb-hit=1,page-number=901,frame=14,physical-address=60100
logical-address=1701341682,page-number=646,offset=2546
tlb-hit=0,page-number=646,frame=none,physical-address=none
tlb-remove=1010,tlb-add=646
page-number=646,page-fault=0,frame-number=32,physical-address=133618
logical-address=701422137,page-number=237,offset=2617
tlb-hit=1,page-number=237,frame=35,physical-address=145977
logical-address=1023100894,page-number=948,offset=2014
tlb-hit=1,page-number=948,frame=5,physical-address=22494
logical-address=2125386463,page-number=749,offset=735
tlb-hit=1,page-number=749,frame=8,physical-address=33503
logical-address=1018413607,page-number=828,offset=551
tlb-hit=1,page-number=828,frame=13,physical-address=53799
logical-address=761956317,page-number=680,offset=2013
tlb-hit=1,page-number=680,frame=39,physical-address=161757
logical-address=645867715,page-number=1010,offset=2243
tlb-hit=0,page-number=1010,frame=none,physical-address=none
tlb-remove=899,tlb-add=1010
page-number=1010,page-fault=0,frame-number=22,physical-address=92355
logical-address=123278557,page-number=401,offset=1245
tlb-hit=1,page-number=401,frame=23,physical-address=95453
logical-address=976725636,page-number=890,offset=1668
tlb-hit=0,page-number=890,frame=none,physical-address=none
tlb-remove=793,tlb-add=890
page-number=890,page-fault=0,frame-number=1,physical-address=5764
logical-address=324518345,page-number=380,offset=457
tlb-hit=1,page-number=380,frame=6,physical-address=25033
logical-address=228530175,page-number=497,offset=2047
tlb-hit=1,page-number=497,frame=3,physical-address=14335
logical-address=1449822529,page-number=680,offset=2369
tlb-hit=1,page-number=680,frame=39,physical-address=162113
logical-address=21354277,page-number=93,offset=1829
tlb-hit=1,page-number=93,frame=4,physical-address=18213
logical-address=1017669501,page-number=646,offset=1917
tlb-hit=1,page-number=646,frame=32,physical-address=132989
logical-address=1321237367,page-number=7,offset=2935
tlb-hit=0,page-number=7,frame=none,physical-address=none
tlb-remove=872,tlb-add=7
page-number=7,page-fault=0,frame-number=17,physical-address=72567
logical-address=402683427,page-number=7,offset=1571
tlb-hit=1,page-number=7,frame=17,physical-address=71203
logical-address=1570342139,page-number=408,offset=1275
tlb-hit=0,page-number=408,frame=none,physical-address=none
tlb-remove=609,tlb-add=408
page-number=408,page-fault=0,frame-number=12,physical-address=50427
logical-address=1002295455,page-number=989,offset=159
tlb-hit=1,page-number=989,frame=21,physical-address=86175
logical-address=2001439932,page-number=184,offset=3260
tlb-hit=1,page-number=184,frame=0,physical-address=3260
logical-address=525384590,page-number=267,offset=2958
tlb-hit=0,page-number=267,frame=none,physical-address=none
tlb-remove=808,tlb-add=267
page-number=267,page-fault=1,frame-number=41,physical-address=170894
logical-address=658062858,page-number=915,offset=3594
tlb-hit=1,page-number=915,frame=20,physical-address=85514
logical-address=1264404930,page-number=468,offset=2498
tlb-hit=1,page-number=468,frame=28,physical-address=117186
logical-address=1578361802,page-number=318,offset=970
tlb-hit=1,page-number=318,frame=30,physical-address=123850
logical-address=1195235064,page-number=989,offset=1784
tlb-hit=1,page-number=989,frame=21,physical-address=87800
logical-address=1387512161,page-number=828,offset=353
tlb-hit=1,page-number=828,frame=13,physical-address=53601
logical-address=455634643,page-number=646,offset=3795
tlb-hit=1,page-number=646,frame=32,physical-address=134867
logical-address=179852457,page-number=901,offset=1193
tlb-hit=1,page-number=901,frame=14,physical-address=58537
logical-address=797737213,page-number=200,offset=253
tlb-hit=1,page-number=200,frame=11,physical-address=45309
logical-address=1258323302,page-number=7,offset=3430
tlb-hit=1,page-number=7,frame=17,physical-address=73062
logical-address=269530718,page-number=267,offset=1630
tlb-hit=1,page-number=267,frame=41,physical-address=169566
logical-address=1313572993,page-number=184,offset=2177
tlb-hit=1,page-number=184,frame=0,physical-address=2177
logical-address=636986758,page-number=890,offset=1414
tlb-hit=1,page-number=890,frame=1,physical-address=5510
logical-address=544951326,page-number=948,offset=3102
tlb-hit=1,page-number=948,frame=5,physical-address=23582
logical-address=421349304,page-number=468,offset=1976
tlb-hit=1,page-number=468,frame=28,physical-address=116664
logical-address=775002466,page-number=793,offset=2402
tlb-hit=0,page-number=793,frame=none,physical-address=none
tlb-remove=707,tlb-add=793
page-number=793,page-fault=0,frame-number=37,physical-address=153954
logical-address=1570316149,page-number=401,offset=3957
tlb-hit=1,page-number=401,frame=23,physical-address=98165
logical-address=1952270827,page-number=468,offset=2539
tlb-hit=1,page-number=468,frame=28,physical-address=117227
logical-address=529028104,page-number=133,offset=1032
tlb-hit=0,page-number=133,frame=none,physical-address=none
tlb-remove=676,tlb-add=133
page-number=133,page-fault=0,frame-number=7,physical-address=29704
logical-address=397160877,page-number=707,offset=429
tlb-hit=0,page-number=707,frame=none,physical-address=none
tlb-remove=332,tlb-add=707
page-number=707,page-fault=0,frame-number=16,physical-address=65965
logical-address=1059002889,page-number=497,offset=2569
tlb-hit=1,page-number=497,frame=3,physical-address=14857
logical-address=1497931209,page-number=137,offset=3529
tlb-hit=0,page-number=137,frame=none,physical-address=none
tlb-remove=46,tlb-add=137
page-number=137,page-fault=0,frame-number=24,physical-address=101833
logical-address=1858458096,page-number=93,offset=496
tlb-hit=1,page-number=93,frame=4,physical-address=16880
logical-address=415424810,page-number=46,offset=298
tlb-hit=0,page-number=46,frame=none,physical-address=none
tlb-remove=881,tlb-add=46
page-number=46,page-fault=0,frame-number=38,physical-address=155946
logical-address=801302595,page-number=46,offset=2115
tlb-hit=1,page-number=46,frame=38,physical-address=157763
logical-address=1724894621,page-number=252,offset=3485
tlb-hit=1,page-number=252,frame=26,physical-address=109981
logical-address=226183857,page-number=948,offset=2737
tlb-hit=1,page-number=948,frame=5,physical-address=23217
logical-address=1929760841,page-number=93,offset=73
tlb-hit=1,page-number=93,frame=4,physical-address=16457
logical-address=1628692963,page-number=318,offset=483
tlb-hit=1,page-number=318,frame=30,physical-address=123363
logical-address=129513508,page-number=899,offset=2084
tlb-hit=0,page-number=899,frame=none,physical-address=none
tlb-remove=597,tlb-add=899
page-number=899,page-fault=0,frame-number=19,physical-address=79908
logical-address=1522476276,page-number=1010,offset=1268
tlb-hit=1,page-number=1010,frame=22,physical-address=91380
logical-address=311437891,page-number=258,offset=2627
tlb-hit=1,page-number=258,frame=18,physical-address=76355
logical-address=1049398168,page-number=200,offset=2968
tlb-hit=1,page-number=200,frame=11,physical-address=48024
logical-address=771240827,page-number=899,offset=891
tlb-hit=1,page-number=899,frame=19,physical-address=78715
logical-address=1970776029,page-number=890,offset=2013
tlb-hit=1,page-number=890,frame=1,physical-address=6109
logical-address=870871016,page-number=646,offset=4072
tlb-hit=1,page-number=646,frame=32,physical-address=135144
logical-address=649570991,page-number=890,offset=2735
tlb-hit=1,page-number=890,frame=1,physical-address=6831
logical-address=363496299,page-number=680,offset=875
tlb-hit=1,page-number=680,frame=39,physical-address=160619
logical-address=389521776,page-number=890,offset=368
tlb-hit=1,page-number=890,frame=1,physical-address=4464
logical-address=393717987,page-number=890,offset=2275
tlb-hit=1,page-number=890,frame=1,physical-address=6371
logical-address=987086067,page-number=347,offset=3315
tlb-hit=0,page-number=347,frame=none,physical-address=none
tlb-remove=714,tlb-add=347
page-number=347,page-fault=0,frame-number=15,physical-address=64755
logical-address=206492282,page-number=237,offset=634
tlb-hit=1,page-number=237,frame=35,physical-address=143994
logical-address=1450681468,page-number=890,offset=1148
tlb-hit=1,page-number=890,frame=1,physical-address=5244
logical-address=1571594995,page-number=714,offset=755
tlb-hit=0,page-number=714,frame=none,physical-address=none
tlb-remove=929,tlb-add=714
page-number=714,page-fault=0,frame-number=40,physical-address=164595
logical-address=1309380178,page-number=184,offset=3666
tlb-hit=1,page-number=184,frame=0,physical-address=3666
logical-address=1866156009,page-number=948,offset=2025
tlb-hit=1,page-number=948,frame=5,physical-address=22505
logical-address=1614420286,page-number=929,offset=2366
tlb-hit=0,page-number=929,frame=none,physical-address=none
tlb-remove=749,tlb-add=929
page-number=929,page-fault=0,frame-number=2,physical-address=10558
logical-address=1614418976,page-number=929,offset=1056
tlb-hit=1,page-number=929,frame=2,physical-address=9248
logical-address=1933956050,page-number=93,offset=978
tlb-hit=1,page-number=93,frame=4,physical-address=17362
logical-address=409633492,page-number=680,offset=724
tlb-hit=1,page-number=680,frame=39,physical-address=160468
logical-address=1443899147,page-number=258,offset=1803
tlb-hit=1,page-number=258,frame=18,physical-address=75531
logical-address=1969390367,page-number=552,offset=799
tlb-hit=0,page-number=552,frame=none,physical-address=none
tlb-remove=380,tlb-add=552
page-number=552,page-fault=0,frame-number=29,physical-address=119583
logical-address=775361085,page-number=881,offset=573
tlb-hit=0,page-number=881,frame=none,physical-address=none
tlb-remove=408,tlb-add=881
page-number=881,page-fault=0,frame-number=36,physical-address=148029
logical-address=435326930,page-number=808,offset=4050
tlb-hit=0,page-number=808,frame=none,physical-address=none
tlb-remove=915,tlb-add=808
page-number=808,page-fault=0,frame-number=25,physical-address=106450
logical-address=2120770657,page-number=646,offset=1121
tlb-hit=1,page-number=646,frame=32,physical-address=132193
logical-address=612226276,page-number=989,offset=1252
tlb-hit=1,page-number=989,frame=21,physical-address=87268
logical-address=1101834949,page-number=714,offset=2757
tlb-hit=1,page-number=714,frame=40,physical-address=166597
logical-address=525933525,page-number=401,offset=3029
tlb-hit=1,page-number=401,frame=23,physical-address=97237
logical-address=1853573366,page-number=948,offset=2294
tlb-hit=1,page-number=948,frame=5,physical-address=22774
logical-address=944775895,page-number=258,offset=727
tlb-hit=1,page-number=258,frame=18,physical-address=74455
logical-address=2021346057,page-number=948,offset=2825
tlb-hit=1,page-number=948,frame=5,physical-address=23305
logical-address=1619824491,page-number=200,offset=3947
tlb-hit=1,page-number=200,frame=11,physical-address=49003
logical-address=1429636774,page-number=872,offset=1702
tlb-hit=0,page-number=872,frame=none,physical-address=none
tlb-remove=828,tlb-add=872
page-number=872,page-fault=0,frame-number=34,physical-address=140966
logical-address=1966985516,page-number=989,offset=300
tlb-hit=1,page-number=989,frame=21,physical-address=86316
logical-address=444542094,page-number=1010,offset=3214
tlb-hit=1,page-number=1010,frame=22,physical-address=93326
logical-address=1013598784,page-number=676,offset=2624
tlb-hit=0,page-number=676,frame=none,physical-address=none
tlb-remove=901,tlb-add=676
page-number=676,page-fault=0,frame-number=10,physical-address=43584
logical-address=1282333952,page-number=749,offset=3328
tlb-hit=0,page-number=749,frame=none,physical-address=none
tlb-remove=7,tlb-add=749
page-number=749,page-fault=0,frame-number=8,physical-address=36096
logical-address=1491903644,page-number=714,offset=1180
tlb-hit=1,page-number=714,frame=40,physical-address=165020
logical-address=1872305783,page-number=401,offset=3703
tlb-hit=1,page-number=401,frame=23,physical-address=97911
logical-address=1055032878,page-number=552,offset=1582
tlb-hit=1,page-number=552,frame=29,physical-address=120366
logical-address=1652009006,page-number=890,offset=2094
tlb-hit=1,page-number=890,frame=1,physical-address=6190
logical-address=26589219,page-number=347,offset=2083
tlb-hit=1,page-number=347,frame=15,physical-address=63523
logical-address=1851085431,page-number=341,offset=631
tlb-hit=0,page-number=341,frame=none,physical-address=none
tlb-remove=267,tlb-add=341
page-number=341,page-fault=0,frame-number=9,physical-address=37495
logical-address=917752900,page-number=828,offset=3140
tlb-hit=0,page-number=828,frame=none,physical-address=none
tlb-remove=793,tlb-add=828
page-number=828,page-fault=0,frame-number=13,physical-address=56388
logical-address=1970200302,page-number=749,offset=3822
tlb-hit=1,page-number=749,frame=8,physical-address=36590
logical-address=347578522,page-number=890,offset=154
tlb-hit=1,page-number=890,frame=1,physical-address=4250
logical-address=355894072,page-number=872,offset=824
tlb-hit=1,page-number=872,frame=34,physical-address=140088
logical-address=187799499,page-number=793,offset=1995
tlb-hit=0,page-number=793,frame=none,physical-address=none
tlb-remove=468,tlb-add=793
page-number=793,page-fault=0,frame-number=37,physical-address=153547
logical-address=982525248,page-number=258,offset=1344
tlb-hit=1,page-number=258,frame=18,physical-address=75072
logical-address=40648491,page-number=707,offset=3883
tlb-hit=1,page-number=707,frame=16,physical-address=69419
logical-address=499878085,page-number=184,offset=2245
tlb-hit=1,page-number=184,frame=0,physical-address=2245
logical-address=174863860,page-number=707,offset=1524
tlb-hit=1,page-number=707,frame=16,physical-address=67060
logical-address=1319658531,page-number=646,offset=1059
tlb-hit=1,page-number=646,frame=32,physical-address=132131
logical-address=1524568749,page-number=497,offset=685
tlb-hit=1,page-number=497,frame=3,physical-address=12973
logical-address=53103657,page-number=676,offset=3113
tlb-hit=1,page-number=676,frame=10,physical-address=44073
logical-address=2084183819,page-number=929,offset=3851
tlb-hit=1,page-number=929,frame=2,physical-address=12043
logical-address=1194251056,page-number=749,offset=816
tlb-hit=1,page-number=749,frame=8,physical-address=33584
logical-address=1640727713,page-number=184,offset=1185
tlb-hit=1,page-number=184,frame=0,physical-address=1185
logical-address=1332241283,page-number=646,offset=899
tlb-hit=1,page-number=646,frame=32,physical-address=131971
logical-address=1760663688,page-number=793,offset=2184
tlb-hit=1,page-number=793,frame=37,physical-address=153736
logical-address=967461217,page-number=676,offset=2401
tlb-hit=1,page-number=676,frame=10,physical-address=43361
logical-address=1920490969,page-number=901,offset=3545
tlb-hit=0,page-number=901,frame=none,physical-address=none
tlb-remove=133,tlb-add=901
page-number=901,page-fault=0,frame-number=14,physical-address=60889
logical-address=976827890,page-number=915,offset=1522
tlb-hit=0,page-number=915,frame=none,physical-address=none
tlb-remove=137,tlb-add=915
page-number=915,page-fault=0,frame-number=20,physical-address=83442
logical-address=381097045,page-number=881,offset=1109
tlb-hit=1,page-number=881,frame=36,physical-address=148565
logical-address=1459306674,page-number=948,offset=178
tlb-hit=1,page-number=948,frame=5,physical-address=20658
logical-address=1517718100,page-number=872,offset=2644
tlb-hit=1,page-number=872,frame=34,physical-address=141908
logical-address=1888996604,page-number=380,offset=3324
tlb-hit=0,page-number=380,frame=none,physical-address=none
tlb-remove=46,tlb-add=380
page-number=380,page-fault=0,frame-number=6,physical-address=27900
logical-address=445352307,page-number=184,offset=2419
tlb-hit=1,page-number=184,frame=0,physical-address=2419
logical-address=1213457647,page-number=318,offset=1263
tlb-hit=1,page-number=318,frame=30,physical-address=124143
logical-address=782404318,page-number=552,offset=2782
tlb-hit=1,page-number=552,frame=29,physical-address=121566
logical-address=2030424536,page-number=93,offset=472
tlb-hit=1,page-number=93,frame=4,physical-address=16856
logical-address=182027022,page-number=408,offset=782
tlb-hit=0,page-number=408,frame=none,physical-address=none
tlb-remove=252,tlb-add=408
page-number=408,page-fault=0,frame-number=12,physical-address=49934
logical-address=1658668458,page-number=468,offset=1450
tlb-hit=0,page-number=468,frame=none,physical-address=none
tlb-remove=899,tlb-add=468
page-number=468,page-fault=0,frame-number=28,physical-address=116138
logical-address=1106676803,page-number=872,offset=3139
tlb-hit=1,page-number=872,frame=34,physical-address=142403
logical-address=1894882568,page-number=793,offset=3336
tlb-hit=1,page-number=793,frame=37,physical-address=154888
logical-address=534715522,page-number=497,offset=3202
tlb-hit=1,page-number=497,frame=3,physical-address=15490
logical-address=1280082664,page-number=200,offset=744
tlb-hit=1,page-number=200,frame=11,physical-address=45800
logical-address=715800783,page-number=676,offset=207
tlb-hit=1,page-number=676,frame=10,physical-address=41167
logical-address=1144658151,page-number=929,offset=2279
tlb-hit=1,page-number=929,frame=2,physical-address=10471
logical-address=1649421235,page-number=258,offset=2995
tlb-hit=1,page-number=258,frame=18,physical-address=76723
logical-address=51694326,page-number=332,offset=2806
tlb-hit=0,page-number=332,frame=none,physical-address=none
tlb-remove=237,tlb-add=332
page-number=332,page-fault=0,frame-number=31,physical-address=129782
logical-address=541253865,page-number=46,offset=233
tlb-hit=0,page-number=46,frame=none,physical-address=none
tlb-remove=680,tlb-add=46
page-number=46,page-fault=0,frame-number=38,physical-address=155881
logical-address=1172983610,page-number=676,offset=3898
tlb-hit=1,page-number=676,frame=10,physical-address=44858
logical-address=2050133688,page-number=808,offset=3768
tlb-hit=1,page-number=808,frame=25,physical-address=106168
logical-address=1538510157,page-number=828,offset=3405
tlb-hit=1,page-number=828,frame=13,physical-address=56653
logical-address=2050469852,page-number=890,offset=4060
tlb-hit=1,page-number=890,frame=1,physical-address=8156
logical-address=1860341621,page-number=552,offset=3957
tlb-hit=1,page-number=552,frame=29,physical-address=122741
logical-address=1609346636,page-number=714,offset=3660
tlb-hit=1,page-number=714,frame=40,physical-address=167500
logical-address=1202495730,page-number=714,offset=242
tlb-hit=1,page-number=714,frame=40,physical-address=164082
logical-address=1358071543,page-number=808,offset=1783
tlb-hit=1,page-number=808,frame=25,physical-address=104183
logical-address=1619973313,page-number=237,offset=1217
tlb-hit=0,page-number=237,frame=none,physical-address=none
tlb-remove=989,tlb-add=237
page-number=237,page-fault=0,frame-number=35,physical-address=144577
logical-address=1999135465,page-number=646,offset=745
tlb-hit=1,page-number=646,frame=32,physical-address=131817
logical-address=237144650,page-number=552,offset=2634
tlb-hit=1,page-number=552,frame=29,physical-address=121418
logical-address=82480534,page-number=680,offset=3478
tlb-hit=0,page-number=680,frame=none,physical-address=none
tlb-remove=1010,tlb-add=680
page-number=680,page-fault=0,frame-number=39,physical-address=163222
logical-address=1928082484,page-number=707,offset=1076
tlb-hit=1,page-number=707,frame=16,physical-address=66612
logical-address=1886169194,page-number=714,offset=2154
tlb-hit=1,page-number=714,frame=40,physical-address=165994
logical-address=812149881,page-number=646,offset=3193
tlb-hit=1,page-number=646,frame=32,physical-address=134265
logical-address=1875607994,page-number=184,offset=442
tlb-hit=1,page-number=184,frame=0,physical-address=442
logical-address=411233091,page-number=46,offset=2883
tlb-hit=1,page-number=46,frame=38,physical-address=158531
logical-address=1942994990,page-number=252,offset=46
tlb-hit=0,page-number=252,frame=none,physical-address=none
tlb-remove=401,tlb-add=252
page-number=252,page-fault=0,frame-number=26,physical-address=106542
logical-address=152552032,page-number=380,offset=608
tlb-hit=1,page-number=380,frame=6,physical-address=25184
logical-address=1230848403,page-number=468,offset=403
tlb-hit=1,page-number=468,frame=28,physical-address=115091
logical-address=20663809,page-number=948,offset=3585
tlb-hit=1,page-number=948,frame=5,physical-address=24065
logical-address=199581012,page-number=597,offset=3412
tlb-hit=0,page-number=597,frame=none,physical-address=none
tlb-remove=347,tlb-add=597
page-number=597,page-fault=0,frame-number=33,physical-address=138580
logical-address=1445736610,page-number=707,offset=162
tlb-hit=1,page-number=707,frame=16,physical-address=65698
logical-address=1698639093,page-number=1010,offset=3317
tlb-hit=0,page-number=1010,frame=none,physical-address=none
tlb-remove=341,tlb-add=1010
page-number=1010,page-fault=0,frame-number=22,physical-address=93429
logical-address=1136687637,page-number=7,offset=2581
tlb-hit=0,page-number=7,frame=none,physical-address=none
tlb-remove=749,tlb-add=7
page-number=7,page-fault=0,frame-number=17,physical-address=72213
logical-address=645120816,page-number=828,offset=816
tlb-hit=1,page-number=828,frame=13,physical-address=54064
logical-address=2105484130,page-number=1010,offset=866
tlb-hit=1,page-number=1010,frame=22,physical-address=90978
logical-address=1298302802,page-number=552,offset=1874
tlb-hit=1,page-number=552,frame=29,physical-address=120658
logical-address=692815269,page-number=184,offset=1445
tlb-hit=1,page-number=184,frame=0,physical-address=1445
logical-address=822275972,page-number=46,offset=3972
tlb-hit=1,page-number=46,frame=38,physical-address=159620
logical-address=1639469197,page-number=901,offset=141
tlb-hit=1,page-number=901,frame=14,physical-address=57485
logical-address=2107802403,page-number=552,offset=803
tlb-hit=1,page-number=552,frame=29,physical-address=119587
logical-address=642823074,page-number=267,offset=930
tlb-hit=0,page-number=267,frame=none,physical-address=none
tlb-remove=915,tlb-add=267
page-number=267,page-fault=0,frame-number=41,physical-address=168866
logical-address=808077171,page-number=676,offset=1907
tlb-hit=1,page-number=676,frame=10,physical-address=42867
logical-address=1385155522,page-number=252,offset=3010
tlb-hit=1,page-number=252,frame=26,physical-address=109506
logical-address=1961526236,page-number=680,offset=988
tlb-hit=1,page-number=680,frame=39,physical-address=160732
logical-address=2105730929,page-number=46,offset=1905
tlb-hit=1,page-number=46,frame=38,physical-address=157553
logical-address=509157231,page-number=401,offset=3951
tlb-hit=0,page-number=401,frame=none,physical-address=none
tlb-remove=881,tlb-add=401
page-number=401,page-fault=0,frame-number=23,physical-address=98159
logical-address=995145865,page-number=267,offset=2185
tlb-hit=1,page-number=267,frame=41,physical-address=170121
logical-address=798011581,page-number=267,offset=189
tlb-hit=1,page-number=267,frame=41,physical-address=168125
logical-address=1912159710,page-number=915,offset=3550
tlb-hit=0,page-number=915,frame=none,physical-address=none
tlb-remove=318,tlb-add=915
page-number=915,page-fault=0,frame-number=20,physical-address=85470
logical-address=1462865955,page-number=793,offset=35
tlb-hit=1,page-number=793,frame=37,physical-address=151587
logical-address=1782079408,page-number=901,offset=4016
tlb-hit=1,page-number=901,frame=14,physical-address=61360
logical-address=915330192,page-number=237,offset=1168
tlb-hit=1,page-number=237,frame=35,physical-address=144528
logical-address=280134899,page-number=808,offset=1267
tlb-hit=1,page-number=808,frame=25,physical-address=103667
logical-address=781112920,page-number=237,offset=1624
tlb-hit=1,page-number=237,frame=35,physical-address=144984
logical-address=1872084031,page-number=347,offset=3135
tlb-hit=0,page-number=347,frame=none,physical-address=none
tlb-remove=93,tlb-add=347
page-number=347,page-fault=0,frame-number=15,physical-address=64575
logical-address=188161346,page-number=881,offset=3394
tlb-hit=0,page-number=881,frame=none,physical-address=none
tlb-remove=408,tlb-add=881
page-number=881,page-fault=0,frame-number=36,physical-address=150850
logical-address=175218592,page-number=793,offset=4000
tlb-hit=1,page-number=793,frame=37,physical-address=155552
logical-address=1254287288,page-number=46,offset=1976
tlb-hit=1,page-number=46,frame=38,physical-address=157624
logical-address=1620061512,page-number=258,offset=3400
tlb-hit=1,page-number=258,frame=18,physical-address=77128
logical-address=1590203907,page-number=137,offset=1539
tlb-hit=0,page-number=137,frame=none,physical-address=none
tlb-remove=872,tlb-add=137
page-number=137,page-fault=0,frame-number=24,physical-address=99843
logical-address=322451235,page-number=899,offset=1827
tlb-hit=0,page-number=899,frame=none,physical-address=none
tlb-remove=497,tlb-add=899
page-number=899,page-fault=0,frame-number=19,physical-address=79651
logical-address=1112547619,page-number=258,offset=291
tlb-hit=1,page-number=258,frame=18,physical-address=74019
logical-address=463637228,page-number=552,offset=2796
tlb-hit=1,page-number=552,frame=29,physical-address=121580
logical-address=1282835215,page-number=872,offset=783
tlb-hit=0,page-number=872,frame=none,physical-address=none
tlb-remove=200,tlb-add=872
page-number=872,page-fault=0,frame-number=34,physical-address=140047
logical-address=786832739,page-number=609,offset=3427
tlb-hit=0,page-number=609,frame=none,physical-address=none
tlb-remove=929,tlb-add=609
page-number=609,page-fault=0,frame-number=27,physical-address=114019
logical-address=1810191641,page-number=597,offset=1305
tlb-hit=1,page-number=597,frame=33,physical-address=136473
logical-address=57423653,page-number=707,offset=1829
tlb-hit=1,page-number=707,frame=16,physical-address=67365
logical-address=316489759,page-number=468,offset=31
tlb-hit=1,page-number=468,frame=28,physical-address=114719
logical-address=270697438,page-number=552,offset=990
tlb-hit=1,page-number=552,frame=29,physical-address=119774
logical-address=1487047336,page-number=552,offset=2728
tlb-hit=1,page-number=552,frame=29,physical-address=121512
logical-address=22616195,page-number=401,offset=2179
tlb-hit=1,page-number=401,frame=23,physical-address=96387
logical-address=1368741188,page-number=341,offset=1348
tlb-hit=0,page-number=341,frame=none,physical-address=none
tlb-remove=332,tlb-add=341
page-number=341,page-fault=0,frame-number=9,physical-address=38212
logical-address=154243228,page-number=793,offset=156
tlb-hit=1,page-number=793,frame=37,physical-address=151708
logical-address=2021683553,page-number=7,offset=353
tlb-hit=1,page-number=7,frame=17,physical-address=69985
logical-address=1882739018,page-number=901,offset=330
tlb-hit=1,page-number=901,frame=14,physical-address=57674
logical-address=623527257,page-number=676,offset=1369
tlb-hit=1,page-number=676,frame=10,physical-address=42329
logical-address=1677173036,page-number=890,offset=300
tlb-hit=1,page-number=890,frame=1,physical-address=4396
logical-address=1930134222,page-number=184,offset=718
tlb-hit=1,page-number=184,frame=0,physical-address=718
logical-address=1778768795,page-number=93,offset=2971
tlb-hit=0,page-number=93,frame=none,physical-address=none
tlb-remove=714,tlb-add=93
page-number=93,page-fault=0,frame-number=4,physical-address=19355
logical-address=1928935179,page-number=915,offset=1803
tlb-hit=1,page-number=915,frame=20,physical-address=83723
logical-address=1504812710,page-number=793,offset=3750
tlb-hit=1,page-number=793,frame=37,physical-address=155302
logical-address=718197269,page-number=237,offset=533
tlb-hit=1,page-number=237,frame=35,physical-address=143893
logical-address=1681772775,page-number=989,offset=231
tlb-hit=0,page-number=989,frame=none,physical-address=none
tlb-remove=646,tlb-add=989
page-number=989,page-fault=0,frame-number=21,physical-address=86247
logical-address=919308341,page-number=184,offset=2101
tlb-hit=1,page-number=184,frame=0,physical-address=2101
logical-address=1691610840,page-number=318,offset=3800
tlb-hit=0,page-number=318,frame=none,physical-address=none
tlb-remove=380,tlb-add=318
page-number=318,page-fault=0,frame-number=30,physical-address=126680
logical-address=1540615274,page-number=318,offset=3178
tlb-hit=1,page-number=318,frame=30,physical-address=126058
logical-address=28774520,page-number=881,offset=120
tlb-hit=1,page-number=881,frame=36,physical-address=147576
logical-address=318145242,page-number=872,offset=730
tlb-hit=1,page-number=872,frame=34,physical-address=139994
logical-address=1837134686,page-number=7,offset=862
tlb-hit=1,page-number=7,frame=17,physical-address=70494
logical-address=722819747,page-number=341,offset=2723
tlb-hit=1,page-number=341,frame=9,physical-address=39587
logical-address=1361881185,page-number=714,offset=2145
tlb-hit=0,page-number=714,frame=none,physical-address=none
tlb-remove=948,tlb-add=714
page-number=714,page-fault=0,frame-number=40,physical-address=165985
logical-address=1103856499,page-number=184,offset=883
tlb-hit=1,page-number=184,frame=0,physical-address=883
logical-address=540264520,page-number=828,offset=2120
tlb-hit=1,page-number=828,frame=13,physical-address=55368
logical-address=890228353,page-number=252,offset=3713
tlb-hit=1,page-number=252,frame=26,physical-address=110209
logical-address=2019131907,page-number=408,offset=515
tlb-hit=0,page-number=408,frame=none,physical-address=none
tlb-remove=1010,tlb-add=408
page-number=408,page-fault=0,frame-number=12,physical-address=49667
logical-address=390014553,page-number=1010,offset=1625
tlb-hit=0,page-number=1010,frame=none,physical-address=none
tlb-remove=680,tlb-add=1010
page-number=1010,page-fault=0,frame-number=22,physical-address=91737
logical-address=1438143922,page-number=901,offset=1458
tlb-hit=1,page-number=901,frame=14,physical-address=58802
logical-address=201184326,page-number=989,offset=1094
tlb-hit=1,page-number=989,frame=21,physical-address=87110
logical-address=2121695515,page-number=872,offset=283
tlb-hit=1,page-number=872,frame=34,physical-address=139547
logical-address=209167841,page-number=890,offset=1505
tlb-hit=1,page-number=890,frame=1,physical-address=5601
logical-address=1763252720,page-number=401,offset=2544
tlb-hit=1,page-number=401,frame=23,physical-address=96752
logical-address=380798035,page-number=808,offset=1107
tlb-hit=1,page-number=808,frame=25,physical-address=103507
logical-address=1337435932,page-number=890,offset=1820
tlb-hit=1,page-number=890,frame=1,physical-address=5916
logical-address=1382575929,page-number=646,offset=3897
tlb-hit=0,page-number=646,frame=none,physical-address=none
tlb-remove=267,tlb-add=646
page-number=646,page-fault=0,frame-number=32,physical-address=134969
logical-address=927132766,page-number=46,offset=3166
tlb-hit=1,page-number=46,frame=38,physical-address=158814
logical-address=1972418507,page-number=267,offset=1995
tlb-hit=0,page-number=267,frame=none,physical-address=none
tlb-remove=347,tlb-add=267
page-number=267,page-fault=0,frame-number=41,physical-address=169931
logical-address=1227386196,page-number=646,offset=3412
tlb-hit=1,page-number=646,frame=32,physical-address=134484
logical-address=1275012616,page-number=1010,offset=1544
tlb-hit=1,page-number=1010,frame=22,physical-address=91656
logical-address=620614249,page-number=989,offset=617
tlb-hit=1,page-number=989,frame=21,physical-address=86633
logical-address=509427785,page-number=468,offset=73
tlb-hit=1,page-number=468,frame=28,physical-address=114761
logical-address=1767362432,page-number=380,offset=3968
tlb-hit=0,page-number=380,frame=none,physical-address=none
tlb-remove=137,tlb-add=380
page-number=380,page-fault=0,frame-number=6,physical-address=28544
logical-address=1555540082,page-number=890,offset=2162
tlb-hit=1,page-number=890,frame=1,physical-address=6258
logical-address=550208509,page-number=184,offset=1021
tlb-hit=1,page-number=184,frame=0,physical-address=1021
logical-address=559486774,page-number=401,offset=1846
tlb-hit=1,page-number=401,frame=23,physical-address=96054
logical-address=1199182457,page-number=929,offset=633
tlb-hit=0,page-number=929,frame=none,physical-address=none
tlb-remove=899,tlb-add=929
page-number=929,page-fault=0,frame-number=2,physical-address=8825
logical-address=1100826946,page-number=468,offset=2370
tlb-hit=1,page-number=468,frame=28,physical-address=117058
logical-address=65564149,page-number=646,offset=3573
tlb-hit=1,page-number=646,frame=32,physical-address=134645
logical-address=621321246,page-number=137,offset=3102
tlb-hit=0,page-number=137,frame=none,physical-address=none
tlb-remove=258,tlb-add=137
page-number=137,page-fault=0,frame-number=24,physical-address=101406
logical-address=989545983,page-number=948,offset=1535
tlb-hit=0,page-number=948,frame=none,physical-address=none
tlb-remove=609,tlb-add=948
page-number=948,page-fault=0,frame-number=5,physical-address=22015
logical-address=787232800,page-number=707,offset=2080
tlb-hit=1,page-number=707,frame=16,physical-address=67616
logical-address=217795810,page-number=948,offset=3298
tlb-hit=1,page-number=948,frame=5,physical-address=23778
logical-address=1745925480,page-number=267,offset=1384
tlb-hit=1,page-number=267,frame=41,physical-address=169320
logical-address=1795918395,page-number=184,offset=2619
tlb-hit=1,page-number=184,frame=0,physical-address=2619
logical-address=2099070656,page-number=468,offset=1728
tlb-hit=1,page-number=468,frame=28,physical-address=116416
logical-address=244572418,page-number=318,offset=258
tlb-hit=1,page-number=318,frame=30,physical-address=123138
logical-address=225944929,page-number=890,offset=1377
tlb-hit=1,page-number=890,frame=1,physical-address=5473
logical-address=1470653509,page-number=646,offset=1093
tlb-hit=1,page-number=646,frame=32,physical-address=132165
logical-address=508057733,page-number=133,offset=2181
tlb-hit=0,page-number=133,frame=none,physical-address=none
tlb-remove=597,tlb-add=133
page-number=133,page-fault=0,frame-number=7,physical-address=30853
logical-address=714674475,page-number=401,offset=299
tlb-hit=1,page-number=401,frame=23,physical-address=94507
logical-address=1327073546,page-number=408,offset=2314
tlb-hit=1,page-number=408,frame=12,physical-address=51466
logical-address=1755868122,page-number=646,offset=3034
tlb-hit=1,page-number=646,frame=32,physical-address=134106
logical-address=2115600809,page-number=408,offset=425
tlb-hit=1,page-number=408,frame=12,physical-address=49577
logical-address=267492927,page-number=793,offset=3647
tlb-hit=1,page-number=793,frame=37,physical-address=155199
logical-address=1959286181,page-number=133,offset=1445
tlb-hit=1,page-number=133,frame=7,physical-address=30117
logical-address=1022864733,page-number=890,offset=3421
tlb-hit=1,page-number=890,frame=1,physical-address=7517
logical-address=1917771045,page-number=237,offset=3365
tlb-hit=1,page-number=237,frame=35,physical-address=146725
logical-address=29907635,page-number=133,offset=2739
tlb-hit=1,page-number=133,frame=7,physical-address=31411
logical-address=1159665068,page-number=497,offset=1452
tlb-hit=0,page-number=497,frame=none,physical-address=none
tlb-remove=552,tlb-add=497
page-number=497,page-fault=0,frame-number=3,physical-address=13740
logical-address=1459647473,page-number=7,offset=1009
tlb-hit=1,page-number=7,frame=17,physical-address=70641
logical-address=1514688632,page-number=133,offset=120
tlb-hit=1,page-number=133,frame=7,physical-address=28792
logical-address=519707824,page-number=929,offset=3248
tlb-hit=1,page-number=929,frame=2,physical-address=11440
logical-address=692003241,page-number=1010,offset=425
tlb-hit=1,page-number=1010,frame=22,physical-address=90537
logical-address=754466346,page-number=899,offset=3626
tlb-hit=0,page-number=899,frame=none,physical-address=none
tlb-remove=676,tlb-add=899
page-number=899,page-fault=0,frame-number=19,physical-address=81450
logical-address=1249019140,page-number=808,offset=1284
tlb-hit=1,page-number=808,frame=25,physical-address=103684
logical-address=1685610274,page-number=901,offset=3874
tlb-hit=1,page-number=901,frame=14,physical-address=61218
logical-address=760727940,page-number=380,offset=2436
tlb-hit=1,page-number=380,frame=6,physical-address=27012
logical-address=889137506,page-number=1010,offset=2402
tlb-hit=1,page-number=1010,frame=22,physical-address=92514
logical-address=1404951838,page-number=989,offset=3358
tlb-hit=1,page-number=989,frame=21,physical-address=89374
logical-address=1615839630,page-number=252,offset=398
tlb-hit=1,page-number=252,frame=26,physical-address=106894
logical-address=1296603053,page-number=137,offset=1965
tlb-hit=1,page-number=137,frame=24,physical-address=100269
logical-address=653015621,page-number=707,offset=2629
tlb-hit=1,page-number=707,frame=16,physical-address=68165
logical-address=1622610329,page-number=881,offset=409
tlb-hit=1,page-number=881,frame=36,physical-address=147865
logical-address=1162881944,page-number=258,offset=2968
tlb-hit=0,page-number=258,frame=none,physical-address=none
tlb-remove=93,tlb-add=258
page-number=258,page-fault=0,frame-number=18,physical-address=76696
logical-address=1842332864,page-number=252,offset=1216
tlb-hit=1,page-number=252,frame=26,physical-address=107712
logical-address=1036965257,page-number=237,offset=1417
tlb-hit=1,page-number=237,frame=35,physical-address=144777
logical-address=855330032,page-number=948,offset=3312
tlb-hit=1,page-number=948,frame=5,physical-address=23792
logical-address=1863670306,page-number=341,offset=2594
tlb-hit=1,page-number=341,frame=9,physical-address=39458
logical-address=1177192752,page-number=680,offset=2352
tlb-hit=0,page-number=680,frame=none,physical-address=none
tlb-remove=915,tlb-add=680
page-number=680,page-fault=0,frame-number=39,physical-address=162096
logical-address=1140541679,page-number=948,offset=2287
tlb-hit=1,page-number=948,frame=5,physical-address=22767
logical-address=150938077,page-number=1010,offset=477
tlb-hit=1,page-number=1010,frame=22,physical-address=90589
logical-address=1953746335,page-number=828,offset=3487
tlb-hit=1,page-number=828,frame=13,physical-address=56735
logical-address=382716003,page-number=252,offset=2147
tlb-hit=1,page-number=252,frame=26,physical-address=108643
logical-address=1984287174,page-number=93,offset=454
tlb-hit=0,page-number=93,frame=none,physical-address=none
tlb-remove=714,tlb-add=93
page-number=93,page-fault=0,frame-number=4,physical-address=16838
logical-address=565684599,page-number=890,offset=2423
tlb-hit=1,page-number=890,frame=1,physical-address=6519
logical-address=571728057,page-number=318,offset=185
tlb-hit=1,page-number=318,frame=30,physical-address=123065
logical-address=315547500,page-number=237,offset=3948
tlb-hit=1,page-number=237,frame=35,physical-address=147308
logical-address=275556411,page-number=714,offset=2107
tlb-hit=0,page-number=714,frame=none,physical-address=none
tlb-remove=872,tlb-add=714
page-number=714,page-fault=0,frame-number=40,physical-address=165947
logical-address=6964696,page-number=676,offset=1496
tlb-hit=0,page-number=676,frame=none,physical-address=none
tlb-remove=46,tlb-add=676
page-number=676,page-fault=0,frame-number=10,physical-address=42456
logical-address=235703828,page-number=200,offset=3604
tlb-hit=0,page-number=200,frame=none,physical-address=none
tlb-remove=267,tlb-add=200
page-number=200,page-fault=0,frame-number=11,physical-address=48660
logical-address=1292665790,page-number=200,offset=958
tlb-hit=1,page-number=200,frame=11,physical-address=46014
logical-address=236439030,page-number=380,offset=1526
tlb-hit=1,page-number=380,frame=6,physical-address=26102
logical-address=259426976,page-number=872,offset=2720
tlb-hit=0,page-number=872,frame=none,physical-address=none
tlb-remove=184,tlb-add=872
page-number=872,page-fault=0,frame-number=34,physical-address=141984
logical-address=802416302,page-number=318,offset=1710
tlb-hit=1,page-number=318,frame=30,physical-address=124590
logical-address=886420837,page-number=347,offset=1381
tlb-hit=0,page-number=347,frame=none,physical-address=none
tlb-remove=468,tlb-add=347
page-number=347,page-fault=0,frame-number=15,physical-address=62821
logical-address=1560844671,page-number=137,offset=2431
tlb-hit=1,page-number=137,frame=24,physical-address=100735
logical-address=2119428883,page-number=318,offset=2835
tlb-hit=1,page-number=318,frame=30,physical-address=125715
logical-address=2081775180,page-number=341,offset=3660
tlb-hit=1,page-number=341,frame=9,physical-address=40524
logical-address=1124618565,page-number=133,offset=325
tlb-hit=1,page-number=133,frame=7,physical-address=28997
logical-address=1177332599,page-number=714,offset=2935
tlb-hit=1,page-number=714,frame=40,physical-address=166775
logical-address=233611506,page-number=714,offset=242
tlb-hit=1,page-number=714,frame=40,physical-address=164082
logical-address=1265553521,page-number=749,offset=113
tlb-hit=0,page-number=749,frame=none,physical-address=none
tlb-remove=401,tlb-add=749
page-number=749,page-fault=0,frame-number=8,physical-address=32881
logical-address=1273801140,page-number=714,offset=2484
tlb-hit=1,page-number=714,frame=40,physical-address=166324
logical-address=1691726364,page-number=347,offset=540
tlb-hit=1,page-number=347,frame=15,physical-address=61980
logical-address=1106794866,page-number=901,offset=2418
tlb-hit=1,page-number=901,frame=14,physical-address=59762
logical-address=1960137946,page-number=341,offset=1242
tlb-hit=1,page-number=341,frame=9,physical-address=38106
logical-address=388800582,page-number=714,offset=70
tlb-hit=1,page-number=714,frame=40,physical-address=163910
logical-address=595080851,page-number=899,offset=1683
tlb-hit=1,page-number=899,frame=19,physical-address=79507
logical-address=442047172,page-number=401,offset=2756
tlb-hit=0,page-number=401,frame=none,physical-address=none
tlb-remove=646,tlb-add=401
page-number=401,page-fault=0,frame-number=23,physical-address=96964
logical-address=844973095,page-number=468,offset=1063
tlb-hit=0,page-number=468,frame=none,physical-address=none
tlb-remove=408,tlb-add=468
page-number=468,page-fault=0,frame-number=28,physical-address=115751
logical-address=2052074684,page-number=258,offset=3260
tlb-hit=1,page-number=258,frame=18,physical-address=76988
logical-address=1211571348,page-number=881,offset=3220
tlb-hit=1,page-number=881,frame=36,physical-address=150676
logical-address=694847790,page-number=680,offset=2350
tlb-hit=1,page-number=680,frame=39,physical-address=162094
logical-address=1667910055,page-number=676,offset=2471
tlb-hit=1,page-number=676,frame=10,physical-address=43431
logical-address=812896233,page-number=828,offset=4073
tlb-hit=1,page-number=828,frame=13,physical-address=57321
logical-address=449352262,page-number=137,offset=582
tlb-hit=1,page-number=137,frame=24,physical-address=98886
logical-address=1138574464,page-number=468,offset=1152
tlb-hit=1,page-number=468,frame=28,physical-address=115840
logical-address=356899273,page-number=93,offset=2505
tlb-hit=1,page-number=93,frame=4,physical-address=18889
logical-address=1974932743,page-number=881,offset=1287
tlb-hit=1,page-number=881,frame=36,physical-address=148743
logical-address=1962052737,page-number=808,offset=3201
tlb-hit=1,page-number=808,frame=25,physical-address=105601
logical-address=1670088327,page-number=184,offset=1671
tlb-hit=0,page-number=184,frame=none,physical-address=none
tlb-remove=793,tlb-add=184
page-number=184,page-fault=0,frame-number=0,physical-address=1671
logical-address=1997521353,page-number=252,offset=457
tlb-hit=1,page-number=252,frame=26,physical-address=106953
logical-address=1957857930,page-number=808,offset=2698
tlb-hit=1,page-number=808,frame=25,physical-address=105098
logical-address=638505361,page-number=237,offset=401
tlb-hit=1,page-number=237,frame=35,physical-address=143761
logical-address=1323242849,page-number=497,offset=1377
tlb-hit=1,page-number=497,frame=3,physical-address=13665
logical-address=60145112,page-number=347,offset=3544
tlb-hit=1,page-number=347,frame=15,physical-address=64984
logical-address=1109558612,page-number=552,offset=1364
tlb-hit=0,page-number=552,frame=none,physical-address=none
tlb-remove=7,tlb-add=552
page-number=552,page-fault=0,frame-number=29,physical-address=120148
logical-address=1045476183,page-number=267,offset=855
tlb-hit=0,page-number=267,frame=none,physical-address=none
tlb-remove=929,tlb-add=267
page-number=267,page-fault=0,frame-number=41,physical-address=168791
logical-address=330838965,page-number=899,offset=949
tlb-hit=1,page-number=899,frame=19,physical-address=78773
logical-address=1419319250,page-number=401,offset=2002
tlb-hit=1,page-number=401,frame=23,physical-address=96210
logical-address=1371035938,page-number=901,offset=2338
tlb-hit=1,page-number=901,frame=14,physical-address=59682
logical-address=48632742,page-number=609,offset=934
tlb-hit=0,page-number=609,frame=none,physical-address=none
tlb-remove=989,tlb-add=609
page-number=609,page-fault=0,frame-number=27,physical-address=111526
logical-address=532173087,page-number=901,offset=287
tlb-hit=1,page-number=901,frame=14,physical-address=57631
logical-address=1745022824,page-number=46,offset=3944
tlb-hit=0,page-number=46,frame=none,physical-address=none
tlb-remove=707,tlb-add=46
page-number=46,page-fault=0,frame-number=38,physical-address=159592
logical-address=1614498768,page-number=948,offset=3024
tlb-hit=1,page-number=948,frame=5,physical-address=23504
logical-address=1675084582,page-number=380,offset=806
tlb-hit=1,page-number=380,frame=6,physical-address=25382
logical-address=1829098087,page-number=93,offset=615
tlb-hit=1,page-number=93,frame=4,physical-address=16999
logical-address=844088914,page-number=252,offset=1618
tlb-hit=1,page-number=252,frame=26,physical-address=108114
logical-address=71491948,page-number=46,offset=364
tlb-hit=1,page-number=46,frame=38,physical-address=156012
logical-address=1358646454,page-number=948,offset=3254
tlb-hit=1,page-number=948,frame=5,physical-address=23734
logical-address=81054132,page-number=332,offset=2484
tlb-hit=0,page-number=332,frame=none,physical-address=none
tlb-remove=1010,tlb-add=332
page-number=332,page-fault=0,frame-number=31,physical-address=129460
logical-address=1598853098,page-number=200,offset=4074
tlb-hit=1,page-number=200,frame=11,physical-address=49130
logical-address=515511847,page-number=929,offset=1575
tlb-hit=0,page-number=929,frame=none,physical-address=none
tlb-remove=890,tlb-add=929
page-number=929,page-fault=0,frame-number=2,physical-address=9767
logical-address=119086504,page-number=401,offset=3496
tlb-hit=1,page-number=401,frame=23,physical-address=97704
logical-address=2134016547,page-number=808,offset=547
tlb-hit=1,page-number=808,frame=25,physical-address=102947
logical-address=1871207565,page-number=133,offset=3213
tlb-hit=1,page-number=133,frame=7,physical-address=31885
logical-address=725170317,page-number=915,offset=2189
tlb-hit=0,page-number=915,frame=none,physical-address=none
tlb-remove=872,tlb-add=915
page-number=915,page-fault=0,frame-number=20,physical-address=84109
logical-address=1241067907,page-number=915,offset=387
tlb-hit=1,page-number=915,frame=20,physical-address=82307
logical-address=857310972,page-number=408,offset=1788
tlb-hit=0,page-number=408,frame=none,physical-address=none
tlb-remove=318,tlb-add=408
page-number=408,page-fault=0,frame-number=12,physical-address=50940
logical-address=1931023330,page-number=401,offset=994
tlb-hit=1,page-number=401,frame=23,physical-address=95202
logical-address=108994985,page-number=1010,offset=425
tlb-hit=0,page-number=1010,frame=none,physical-address=none
tlb-remove=749,tlb-add=1010
page-number=1010,page-fault=0,frame-number=22,physical-address=90537
logical-address=38312127,page-number=137,offset=2239
tlb-hit=1,page-number=137,frame=24,physical-address=100543
logical-address=787910244,page-number=872,offset=3684
tlb-hit=0,page-number=872,frame=none,physical-address=none
tlb-remove=341,tlb-add=872
page-number=872,page-fault=0,frame-number=34,physical-address=142948
logical-address=669342126,page-number=597,offset=2478
tlb-hit=0,page-number=597,frame=none,physical-address=none
tlb-remove=714,tlb-add=597
page-number=597,page-fault=0,frame-number=33,physical-address=137646
logical-address=353143857,page-number=200,offset=3121
tlb-hit=1,page-number=200,frame=11,physical-address=48177
logical-address=199918941,page-number=680,offset=1373
tlb-hit=1,page-number=680,frame=39,physical-address=161117
logical-address=623204285,page-number=597,offset=1981
tlb-hit=1,page-number=597,frame=33,physical-address=137149
logical-address=1143349009,page-number=609,offset=3857
tlb-hit=1,page-number=609,frame=27,physical-address=114449
logical-address=554212812,page-number=137,offset=3532
tlb-hit=1,page-number=137,frame=24,physical-address=101836
logical-address=788141390,page-number=929,offset=1358
tlb-hit=1,page-number=929,frame=2,physical-address=9550
logical-address=1875418762,page-number=137,offset=3722
tlb-hit=1,page-number=137,frame=24,physical-address=102026
logical-address=1410382343,page-number=267,offset=2567
tlb-hit=1,page-number=267,frame=41,physical-address=170503
logical-address=1839876945,page-number=676,offset=2897
tlb-hit=1,page-number=676,frame=10,physical-address=43857
logical-address=115509680,page-number=552,offset=2480
tlb-hit=1,page-number=552,frame=29,physical-address=121264
logical-address=930993761,page-number=989,offset=1633
tlb-hit=0,page-number=989,frame=none,physical-address=none
tlb-remove=258,tlb-add=989
page-number=989,page-fault=0,frame-number=21,physical-address=87649
logical-address=60394403,page-number=408,offset=2979
tlb-hit=1,page-number=408,frame=12,physical-address=52131
logical-address=421104102,page-number=408,offset=2534
tlb-hit=1,page-number=408,frame=12,physical-address=51686
logical-address=1443812516,page-number=237,offset=1188
tlb-hit=1,page-number=237,frame=35,physical-address=144548
logical-address=697289321,page-number=252,offset=2665
tlb-hit=1,page-number=252,frame=26,physical-address=109161
logical-address=1782769436,page-number=46,offset=1820
tlb-hit=1,page-number=46,frame=38,physical-address=157468
logical-address=477762941,page-number=929,offset=1405
tlb-hit=1,page-number=929,frame=2,physical-address=9597
logical-address=1450286350,page-number=793,offset=3342
tlb-hit=0,page-number=793,frame=none,physical-address=none
tlb-remove=828,tlb-add=793
page-number=793,page-fault=0,frame-number=37,physical-address=154894
logical-address=244669371,page-number=341,offset=3003
tlb-hit=0,page-number=341,frame=none,physical-address=none
tlb-remove=468,tlb-add=341
page-number=341,page-fault=0,frame-number=9,physical-address=39867
logical-address=1072795842,page-number=793,offset=194
tlb-hit=1,page-number=793,frame=37,physical-address=151746
logical-address=211113694,page-number=341,offset=1758
tlb-hit=1,page-number=341,frame=9,physical-address=38622
logical-address=1910445946,page-number=497,offset=1914
tlb-hit=1,page-number=497,frame=3,physical-address=14202
